{"meta": {"format": 3, "version": "7.15.2", "timestamp": "2026-07-18T13:33:29.749547", "branch_coverage": true, "show_contexts": false}, "files": {"src/__init__.py": {"executed_lines": [], "summary": {"covered_lines": 0, "num_statements": 0, "percent_covered": 100.0, "percent_covered_display": "100", "missing_lines": 0, "excluded_lines": 0, "percent_statements_covered": 100.0, "percent_statements_covered_display": "100", "num_branches": 0, "num_partial_branches": 0, "covered_branches": 0, "missing_branches": 0, "percent_branches_covered": 100.0, "percent_branches_covered_display": "100"}, "missing_lines": [], "excluded_lines": [], "executed_branches": [], "missing_branches": [], "functions": {"": {"executed_lines": [], "summary": {"covered_lines": 0, "num_statements": 0, "percent_covered": 100.0, "percent_covered_display": "100", "missing_lines": 0, "excluded_lines": 0, "percent_statements_covered": 100.0, "percent_statements_covered_display": "100", "num_branches": 0, "num_partial_branches": 0, "covered_branches": 0, "missing_branches": 0, "percent_branches_covered": 100.0, "percent_branches_covered_display": "100"}, "missing_lines": [], "excluded_lines": [], "start_line": 1, "executed_branches": [], "missing_branches": []}}, "classes": {"": {"executed_lines": [], "summary": {"covered_lines": 0, "num_statements": 0, "percent_covered": 100.0, "percent_covered_display": "100", "missing_lines": 0, "excluded_lines": 0, "percent_statements_covered": 100.0, "percent_statements_covered_display": "100", "num_branches": 0, "num_partial_branches": 0, "covered_branches": 0, "missing_branches": 0, "percent_branches_covered": 100.0, "percent_branches_covered_display": "100"}, "missing_lines": [], "excluded_lines": [], "start_line": 1, "executed_branches": [], "missing_branches": []}}}, "src/common/__init__.py": {"executed_lines": [10], "summary": {"covered_lines": 1, "num_statements": 1, "percent_covered": 100.0, "percent_covered_display": "100", "missing_lines": 0, "excluded_lines": 0, "percent_statements_covered": 100.0, "percent_statements_covered_display": "100", "num_branches": 0, "num_partial_branches": 0, "covered_branches": 0, "missing_branches": 0, "percent_branches_covered": 100.0, "percent_branches_covered_display": "100"}, "missing_lines": [], "excluded_lines": [], "executed_branches": [], "missing_branches": [], "functions": {"": {"executed_lines": [10], "summary": {"covered_lines": 1, "num_statements": 1, "percent_covered": 100.0, "percent_covered_display": "100", "missing_lines": 0, "excluded_lines": 0, "percent_statements_covered": 100.0, "percent_statements_covered_display": "100", "num_branches": 0, "num_partial_branches": 0, "covered_branches": 0, "missing_branches": 0, "percent_branches_covered": 100.0, "percent_branches_covered_display": "100"}, "missing_lines": [], "excluded_lines": [], "start_line": 1, "executed_branches": [], "missing_branches": []}}, "classes": {"": {"executed_lines": [10], "summary": {"covered_lines": 1, "num_statements": 1, "percent_covered": 100.0, "percent_covered_display": "100", "missing_lines": 0, "excluded_lines": 0, "percent_statements_covered": 100.0, "percent_statements_covered_display": "100", "num_branches": 0, "num_partial_branches": 0, "covered_branches": 0, "missing_branches": 0, "percent_branches_covered": 100.0, "percent_branches_covered_display": "100"}, "missing_lines": [], "excluded_lines": [], "start_line": 1, "executed_branches": [], "missing_branches": []}}}, "src/common/config.py": {"executed_lines": [3, 5, 6, 8, 10, 11, 14, 15, 16, 17, 18, 19, 20, 22, 25, 27, 30, 43, 44, 45, 46, 48, 49, 50, 51, 52, 53, 54, 57, 72, 73, 74, 75, 77, 80, 81, 83, 85, 86, 87, 89, 90, 91, 92, 93, 94, 95, 96, 97, 100, 113, 114, 116, 117, 120, 121, 122, 124, 125, 127, 130, 145, 146, 147, 148, 150, 151, 152, 153, 154, 155, 156, 157, 158, 159, 160, 163, 166, 167, 168, 178, 188, 189, 190, 191, 192, 193], "summary": {"covered_lines": 87, "num_statements": 89, "percent_covered": 96.12403100775194, "percent_covered_display": "96", "missing_lines": 2, "excluded_lines": 0, "percent_statements_covered": 97.75280898876404, "percent_statements_covered_display": "98", "num_branches": 40, "num_partial_branches": 3, "covered_branches": 37, "missing_branches": 3, "percent_branches_covered": 92.5, "percent_branches_covered_display": "92"}, "missing_lines": [21, 173], "excluded_lines": [], "executed_branches": [[16, 17], [16, 18], [18, 19], [18, 20], [20, 22], [45, 46], [45, 48], [50, 51], [50, 52], [52, 53], [52, 54], [74, 75], [74, 77], [80, 81], [80, 83], [86, 87], [86, 89], [91, 92], [91, 93], [93, 94], [93, 95], [113, 114], [113, 116], [116, 117], [116, 120], [120, 121], [120, 127], [121, 122], [121, 124], [124, 120], [124, 125], [147, 148], [147, 150], [151, 152], [151, 166], [154, 155], [167, 168]], "missing_branches": [[20, 21], [154, 156], [167, 173]], "functions": {"_config_name": {"executed_lines": [15, 16, 17, 18, 19, 20, 22], "summary": {"covered_lines": 7, "num_statements": 8, "percent_covered": 85.71428571428571, "percent_covered_display": "86", "missing_lines": 1, "excluded_lines": 0, "percent_statements_covered": 87.5, "percent_statements_covered_display": "88", "num_branches": 6, "num_partial_branches": 1, "covered_branches": 5, "missing_branches": 1, "percent_branches_covered": 83.33333333333333, "percent_branches_covered_display": "83"}, "missing_lines": [21], "excluded_lines": [], "start_line": 14, "executed_branches": [[16, 17], [16, 18], [18, 19], [18, 20], [20, 22]], "missing_branches": [[20, 21]]}, "config_dir": {"executed_lines": [27], "summary": {"covered_lines": 1, "num_statements": 1, "percent_covered": 100.0, "percent_covered_display": "100", "missing_lines": 0, "excluded_lines": 0, "percent_statements_covered": 100.0, "percent_statements_covered_display": "100", "num_branches": 0, "num_partial_branches": 0, "covered_branches": 0, "missing_branches": 0, "percent_branches_covered": 100.0, "percent_branches_covered_display": "100"}, "missing_lines": [], "excluded_lines": [], "start_line": 25, "executed_branches": [], "missing_branches": []}, "load_yaml_config": {"executed_lines": [43, 44, 45, 46, 48, 49, 50, 51, 52, 53, 54], "summary": {"covered_lines": 11, "num_statements": 11, "percent_covered": 100.0, "percent_covered_display": "100", "missing_lines": 0, "excluded_lines": 0, "percent_statements_covered": 100.0, "percent_statements_covered_display": "100", "num_branches": 6, "num_partial_branches": 0, "covered_branches": 6, "missing_branches": 0, "percent_branches_covered": 100.0, "percent_branches_covered_display": "100"}, "missing_lines": [], "excluded_lines": [], "start_line": 30, "executed_branches": [[45, 46], [45, 48], [50, 51], [50, 52], [52, 53], [52, 54]], "missing_branches": []}, "load_markdown_config": {"executed_lines": [72, 73, 74, 75, 77, 80, 81, 83, 85, 86, 87, 89, 90, 91, 92, 93, 94, 95, 96, 97], "summary": {"covered_lines": 20, "num_statements": 20, "percent_covered": 100.0, "percent_covered_display": "100", "missing_lines": 0, "excluded_lines": 0, "percent_statements_covered": 100.0, "percent_statements_covered_display": "100", "num_branches": 10, "num_partial_branches": 0, "covered_branches": 10, "missing_branches": 0, "percent_branches_covered": 100.0, "percent_branches_covered_display": "100"}, "missing_lines": [], "excluded_lines": [], "start_line": 57, "executed_branches": [[74, 75], [74, 77], [80, 81], [80, 83], [86, 87], [86, 89], [91, 92], [91, 93], [93, 94], [93, 95]], "missing_branches": []}, "validate_config_data": {"executed_lines": [113, 114, 116, 117, 120, 121, 122, 124, 125, 127], "summary": {"covered_lines": 10, "num_statements": 10, "percent_covered": 100.0, "percent_covered_display": "100", "missing_lines": 0, "excluded_lines": 0, "percent_statements_covered": 100.0, "percent_statements_covered_display": "100", "num_branches": 10, "num_partial_branches": 0, "covered_branches": 10, "missing_branches": 0, "percent_branches_covered": 100.0, "percent_branches_covered_display": "100"}, "missing_lines": [], "excluded_lines": [], "start_line": 100, "executed_branches": [[113, 114], [113, 116], [116, 117], [116, 120], [120, 121], [120, 127], [121, 122], [121, 124], [124, 120], [124, 125]], "missing_branches": []}, "load_config": {"executed_lines": [145, 146, 147, 148, 150, 151, 152, 153, 154, 155, 156, 157, 158, 159, 160, 163, 166, 167, 168], "summary": {"covered_lines": 19, "num_statements": 20, "percent_covered": 89.28571428571429, "percent_covered_display": "89", "missing_lines": 1, "excluded_lines": 0, "percent_statements_covered": 95.0, "percent_statements_covered_display": "95", "num_branches": 8, "num_partial_branches": 2, "covered_branches": 6, "missing_branches": 2, "percent_branches_covered": 75.0, "percent_branches_covered_display": "75"}, "missing_lines": [173], "excluded_lines": [], "start_line": 130, "executed_branches": [[147, 148], [147, 150], [151, 152], [151, 166], [154, 155], [167, 168]], "missing_branches": [[154, 156], [167, 173]]}, "save_yaml_config": {"executed_lines": [188, 189, 190, 191, 192, 193], "summary": {"covered_lines": 6, "num_statements": 6, "percent_covered": 100.0, "percent_covered_display": "100", "missing_lines": 0, "excluded_lines": 0, "percent_statements_covered": 100.0, "percent_statements_covered_display": "100", "num_branches": 0, "num_partial_branches": 0, "covered_branches": 0, "missing_branches": 0, "percent_branches_covered": 100.0, "percent_branches_covered_display": "100"}, "missing_lines": [], "excluded_lines": [], "start_line": 178, "executed_branches": [], "missing_branches": []}, "": {"executed_lines": [3, 5, 6, 8, 10, 11, 14, 25, 30, 57, 100, 130, 178], "summary": {"covered_lines": 13, "num_statements": 13, "percent_covered": 100.0, "percent_covered_display": "100", "missing_lines": 0, "excluded_lines": 0, "percent_statements_covered": 100.0, "percent_statements_covered_display": "100", "num_branches": 0, "num_partial_branches": 0, "covered_branches": 0, "missing_branches": 0, "percent_branches_covered": 100.0, "percent_branches_covered_display": "100"}, "missing_lines": [], "excluded_lines": [], "start_line": 1, "executed_branches": [], "missing_branches": []}}, "classes": {"": {"executed_lines": [3, 5, 6, 8, 10, 11, 14, 15, 16, 17, 18, 19, 20, 22, 25, 27, 30, 43, 44, 45, 46, 48, 49, 50, 51, 52, 53, 54, 57, 72, 73, 74, 75, 77, 80, 81, 83, 85, 86, 87, 89, 90, 91, 92, 93, 94, 95, 96, 97, 100, 113, 114, 116, 117, 120, 121, 122, 124, 125, 127, 130, 145, 146, 147, 148, 150, 151, 152, 153, 154, 155, 156, 157, 158, 159, 160, 163, 166, 167, 168, 178, 188, 189, 190, 191, 192, 193], "summary": {"covered_lines": 87, "num_statements": 89, "percent_covered": 96.12403100775194, "percent_covered_display": "96", "missing_lines": 2, "excluded_lines": 0, "percent_statements_covered": 97.75280898876404, "percent_statements_covered_display": "98", "num_branches": 40, "num_partial_branches": 3, "covered_branches": 37, "missing_branches": 3, "percent_branches_covered": 92.5, "percent_branches_covered_display": "92"}, "missing_lines": [21, 173], "excluded_lines": [], "start_line": 1, "executed_branches": [[16, 17], [16, 18], [18, 19], [18, 20], [20, 22], [45, 46], [45, 48], [50, 51], [50, 52], [52, 53], [52, 54], [74, 75], [74, 77], [80, 81], [80, 83], [86, 87], [86, 89], [91, 92], [91, 93], [93, 94], [93, 95], [113, 114], [113, 116], [116, 117], [116, 120], [120, 121], [120, 127], [121, 122], [121, 124], [124, 120], [124, 125], [147, 148], [147, 150], [151, 152], [151, 166], [154, 155], [167, 168]], "missing_branches": [[20, 21], [154, 156], [167, 173]]}}}, "src/common/env.py": {"executed_lines": [1, 3, 4, 5, 7, 10, 12, 13, 14, 16, 17, 18, 19, 20, 21, 24, 25, 26, 27, 28], "summary": {"covered_lines": 20, "num_statements": 20, "percent_covered": 96.42857142857143, "percent_covered_display": "96", "missing_lines": 0, "excluded_lines": 0, "percent_statements_covered": 100.0, "percent_statements_covered_display": "100", "num_branches": 8, "num_partial_branches": 1, "covered_branches": 7, "missing_branches": 1, "percent_branches_covered": 87.5, "percent_branches_covered_display": "88"}, "missing_lines": [], "excluded_lines": [], "executed_branches": [[12, 13], [12, 16], [17, 18], [19, 17], [19, 20], [26, 27], [26, 28]], "missing_branches": [[17, -10]], "functions": {"load_project_env": {"executed_lines": [12, 13, 14, 16, 17, 18, 19, 20, 21], "summary": {"covered_lines": 9, "num_statements": 9, "percent_covered": 93.33333333333333, "percent_covered_display": "93", "missing_lines": 0, "excluded_lines": 0, "percent_statements_covered": 100.0, "percent_statements_covered_display": "100", "num_branches": 6, "num_partial_branches": 1, "covered_branches": 5, "missing_branches": 1, "percent_branches_covered": 83.33333333333333, "percent_branches_covered_display": "83"}, "missing_lines": [], "excluded_lines": [], "start_line": 10, "executed_branches": [[12, 13], [12, 16], [17, 18], [19, 17], [19, 20]], "missing_branches": [[17, -10]]}, "require_env": {"executed_lines": [25, 26, 27, 28], "summary": {"covered_lines": 4, "num_statements": 4, "percent_covered": 100.0, "percent_covered_display": "100", "missing_lines": 0, "excluded_lines": 0, "percent_statements_covered": 100.0, "percent_statements_covered_display": "100", "num_branches": 2, "num_partial_branches": 0, "covered_branches": 2, "missing_branches": 0, "percent_branches_covered": 100.0, "percent_branches_covered_display": "100"}, "missing_lines": [], "excluded_lines": [], "start_line": 24, "executed_branches": [[26, 27], [26, 28]], "missing_branches": []}, "": {"executed_lines": [1, 3, 4, 5, 7, 10, 24], "summary": {"covered_lines": 7, "num_statements": 7, "percent_covered": 100.0, "percent_covered_display": "100", "missing_lines": 0, "excluded_lines": 0, "percent_statements_covered": 100.0, "percent_statements_covered_display": "100", "num_branches": 0, "num_partial_branches": 0, "covered_branches": 0, "missing_branches": 0, "percent_branches_covered": 100.0, "percent_branches_covered_display": "100"}, "missing_lines": [], "excluded_lines": [], "start_line": 1, "executed_branches": [], "missing_branches": []}}, "classes": {"": {"executed_lines": [1, 3, 4, 5, 7, 10, 12, 13, 14, 16, 17, 18, 19, 20, 21, 24, 25, 26, 27, 28], "summary": {"covered_lines": 20, "num_statements": 20, "percent_covered": 96.42857142857143, "percent_covered_display": "96", "missing_lines": 0, "excluded_lines": 0, "percent_statements_covered": 100.0, "percent_statements_covered_display": "100", "num_branches": 8, "num_partial_branches": 1, "covered_branches": 7, "missing_branches": 1, "percent_branches_covered": 87.5, "percent_branches_covered_display": "88"}, "missing_lines": [], "excluded_lines": [], "start_line": 1, "executed_branches": [[12, 13], [12, 16], [17, 18], [19, 17], [19, 20], [26, 27], [26, 28]], "missing_branches": [[17, -10]]}}}, "src/common/io.py": {"executed_lines": [1, 3, 4, 5, 6, 7, 8, 9, 12, 19, 20, 21, 24, 26, 27, 28, 29, 30, 31, 32, 35, 38, 39, 40, 41, 42, 43, 46, 48, 49, 50, 51, 52, 53, 54, 55, 59, 67, 68, 69, 70, 71, 74, 75, 76, 77, 78, 79, 80, 81, 85, 86, 87, 88, 89, 92, 95, 96, 97, 98, 99, 100, 101, 104, 105, 106, 107, 110, 112, 113, 114, 115, 116, 117, 118, 119, 126, 127, 128, 129, 130, 135, 138, 146, 147, 149, 150, 151, 152, 153, 154, 155, 156, 157, 158, 159, 160, 162, 163, 164, 165, 166, 167, 174, 175, 176, 177, 178, 180, 181, 182, 183, 189, 190, 193, 194, 195, 196, 199, 200, 201, 202, 203, 206, 209, 210, 211, 212, 214, 215, 216, 218, 219, 222, 223, 224, 225, 226, 227, 228, 229, 230, 231, 232, 235, 238, 239, 241, 242, 243], "summary": {"covered_lines": 150, "num_statements": 162, "percent_covered": 90.27777777777777, "percent_covered_display": "90", "missing_lines": 12, "excluded_lines": 0, "percent_statements_covered": 92.5925925925926, "percent_statements_covered_display": "93", "num_branches": 54, "num_partial_branches": 5, "covered_branches": 45, "missing_branches": 9, "percent_branches_covered": 83.33333333333333, "percent_branches_covered_display": "83"}, "missing_lines": [56, 82, 131, 132, 133, 134, 184, 185, 186, 187, 213, 240], "excluded_lines": [], "executed_branches": [[39, 40], [39, 41], [41, -35], [41, 42], [42, 41], [42, 43], [50, 51], [50, 52], [52, 53], [54, 55], [67, 68], [67, 69], [69, 70], [69, 71], [77, 78], [80, 77], [80, 81], [97, 98], [97, 99], [112, 113], [112, 114], [146, 147], [146, 149], [150, 151], [150, 152], [154, 155], [154, 156], [156, 157], [156, 158], [159, 160], [159, 162], [165, 166], [165, 180], [180, 181], [180, 183], [210, 211], [210, 212], [212, 214], [215, 216], [215, 218], [224, 225], [224, 226], [230, 231], [230, 232], [239, 241]], "missing_branches": [[52, 56], [54, 52], [77, 82], [132, 133], [132, 134], [185, 186], [185, 187], [212, 213], [239, 240]], "functions": {"safe_name": {"executed_lines": [19, 20, 21], "summary": {"covered_lines": 3, "num_statements": 3, "percent_covered": 100.0, "percent_covered_display": "100", "missing_lines": 0, "excluded_lines": 0, "percent_statements_covered": 100.0, "percent_statements_covered_display": "100", "num_branches": 0, "num_partial_branches": 0, "covered_branches": 0, "missing_branches": 0, "percent_branches_covered": 100.0, "percent_branches_covered_display": "100"}, "missing_lines": [], "excluded_lines": [], "start_line": 12, "executed_branches": [], "missing_branches": []}, "path_within": {"executed_lines": [26, 27, 28, 29, 30, 31, 32], "summary": {"covered_lines": 7, "num_statements": 7, "percent_covered": 100.0, "percent_covered_display": "100", "missing_lines": 0, "excluded_lines": 0, "percent_statements_covered": 100.0, "percent_statements_covered_display": "100", "num_branches": 0, "num_partial_branches": 0, "covered_branches": 0, "missing_branches": 0, "percent_branches_covered": 100.0, "percent_branches_covered_display": "100"}, "missing_lines": [], "excluded_lines": [], "start_line": 24, "executed_branches": [], "missing_branches": []}, "_reject_symlink_components": {"executed_lines": [38, 39, 40, 41, 42, 43], "summary": {"covered_lines": 6, "num_statements": 6, "percent_covered": 100.0, "percent_covered_display": "100", "missing_lines": 0, "excluded_lines": 0, "percent_statements_covered": 100.0, "percent_statements_covered_display": "100", "num_branches": 6, "num_partial_branches": 0, "covered_branches": 6, "missing_branches": 0, "percent_branches_covered": 100.0, "percent_branches_covered_display": "100"}, "missing_lines": [], "excluded_lines": [], "start_line": 35, "executed_branches": [[39, 40], [39, 41], [41, -35], [41, 42], [42, 41], [42, 43]], "missing_branches": []}, "next_available_path": {"executed_lines": [48, 49, 50, 51, 52, 53, 54, 55], "summary": {"covered_lines": 8, "num_statements": 9, "percent_covered": 80.0, "percent_covered_display": "80", "missing_lines": 1, "excluded_lines": 0, "percent_statements_covered": 88.88888888888889, "percent_statements_covered_display": "89", "num_branches": 6, "num_partial_branches": 2, "covered_branches": 4, "missing_branches": 2, "percent_branches_covered": 66.66666666666667, "percent_branches_covered_display": "67"}, "missing_lines": [56], "excluded_lines": [], "start_line": 46, "executed_branches": [[50, 51], [50, 52], [52, 53], [54, 55]], "missing_branches": [[52, 56], [54, 52]]}, "next_available_bundle": {"executed_lines": [67, 68, 69, 70, 71, 74, 75, 76, 77, 78, 79, 80, 81], "summary": {"covered_lines": 13, "num_statements": 14, "percent_covered": 90.9090909090909, "percent_covered_display": "91", "missing_lines": 1, "excluded_lines": 0, "percent_statements_covered": 92.85714285714286, "percent_statements_covered_display": "93", "num_branches": 8, "num_partial_branches": 1, "covered_branches": 7, "missing_branches": 1, "percent_branches_covered": 87.5, "percent_branches_covered_display": "88"}, "missing_lines": [82], "excluded_lines": [], "start_line": 59, "executed_branches": [[67, 68], [67, 69], [69, 70], [69, 71], [77, 78], [80, 77], [80, 81]], "missing_branches": [[77, 82]]}, "ensure_parent_dir": {"executed_lines": [86, 87, 88, 89], "summary": {"covered_lines": 4, "num_statements": 4, "percent_covered": 100.0, "percent_covered_display": "100", "missing_lines": 0, "excluded_lines": 0, "percent_statements_covered": 100.0, "percent_statements_covered_display": "100", "num_branches": 0, "num_partial_branches": 0, "covered_branches": 0, "missing_branches": 0, "percent_branches_covered": 100.0, "percent_branches_covered_display": "100"}, "missing_lines": [], "excluded_lines": [], "start_line": 85, "executed_branches": [], "missing_branches": []}, "ensure_directory": {"executed_lines": [95, 96, 97, 98, 99, 100, 101], "summary": {"covered_lines": 7, "num_statements": 7, "percent_covered": 100.0, "percent_covered_display": "100", "missing_lines": 0, "excluded_lines": 0, "percent_statements_covered": 100.0, "percent_statements_covered_display": "100", "num_branches": 2, "num_partial_branches": 0, "covered_branches": 2, "missing_branches": 0, "percent_branches_covered": 100.0, "percent_branches_covered_display": "100"}, "missing_lines": [], "excluded_lines": [], "start_line": 92, "executed_branches": [[97, 98], [97, 99]], "missing_branches": []}, "read_text": {"executed_lines": [105, 106, 107], "summary": {"covered_lines": 3, "num_statements": 3, "percent_covered": 100.0, "percent_covered_display": "100", "missing_lines": 0, "excluded_lines": 0, "percent_statements_covered": 100.0, "percent_statements_covered_display": "100", "num_branches": 0, "num_partial_branches": 0, "covered_branches": 0, "missing_branches": 0, "percent_branches_covered": 100.0, "percent_branches_covered_display": "100"}, "missing_lines": [], "excluded_lines": [], "start_line": 104, "executed_branches": [], "missing_branches": []}, "write_text": {"executed_lines": [112, 113, 114, 115, 116, 117, 118, 119, 126, 127, 128, 129, 130, 135], "summary": {"covered_lines": 14, "num_statements": 18, "percent_covered": 72.72727272727273, "percent_covered_display": "73", "missing_lines": 4, "excluded_lines": 0, "percent_statements_covered": 77.77777777777777, "percent_statements_covered_display": "78", "num_branches": 4, "num_partial_branches": 0, "covered_branches": 2, "missing_branches": 2, "percent_branches_covered": 50.0, "percent_branches_covered_display": "50"}, "missing_lines": [131, 132, 133, 134], "excluded_lines": [], "start_line": 110, "executed_branches": [[112, 113], [112, 114]], "missing_branches": [[132, 133], [132, 134]]}, "write_text_bundle": {"executed_lines": [146, 147, 149, 150, 151, 152, 153, 154, 155, 156, 157, 158, 159, 160, 162, 163, 164, 165, 166, 167, 174, 175, 176, 177, 178, 180, 181, 182, 183, 189, 190], "summary": {"covered_lines": 31, "num_statements": 35, "percent_covered": 88.23529411764706, "percent_covered_display": "88", "missing_lines": 4, "excluded_lines": 0, "percent_statements_covered": 88.57142857142857, "percent_statements_covered_display": "89", "num_branches": 16, "num_partial_branches": 0, "covered_branches": 14, "missing_branches": 2, "percent_branches_covered": 87.5, "percent_branches_covered_display": "88"}, "missing_lines": [184, 185, 186, 187], "excluded_lines": [], "start_line": 138, "executed_branches": [[146, 147], [146, 149], [150, 151], [150, 152], [154, 155], [154, 156], [156, 157], [156, 158], [159, 160], [159, 162], [165, 166], [165, 180], [180, 181], [180, 183]], "missing_branches": [[185, 186], [185, 187]]}, "read_json": {"executed_lines": [194, 195, 196], "summary": {"covered_lines": 3, "num_statements": 3, "percent_covered": 100.0, "percent_covered_display": "100", "missing_lines": 0, "excluded_lines": 0, "percent_statements_covered": 100.0, "percent_statements_covered_display": "100", "num_branches": 0, "num_partial_branches": 0, "covered_branches": 0, "missing_branches": 0, "percent_branches_covered": 100.0, "percent_branches_covered_display": "100"}, "missing_lines": [], "excluded_lines": [], "start_line": 193, "executed_branches": [], "missing_branches": []}, "write_json": {"executed_lines": [200, 201, 202, 203], "summary": {"covered_lines": 4, "num_statements": 4, "percent_covered": 100.0, "percent_covered_display": "100", "missing_lines": 0, "excluded_lines": 0, "percent_statements_covered": 100.0, "percent_statements_covered_display": "100", "num_branches": 0, "num_partial_branches": 0, "covered_branches": 0, "missing_branches": 0, "percent_branches_covered": 100.0, "percent_branches_covered_display": "100"}, "missing_lines": [], "excluded_lines": [], "start_line": 199, "executed_branches": [], "missing_branches": []}, "list_files": {"executed_lines": [209, 210, 211, 212, 214, 215, 216, 218, 219], "summary": {"covered_lines": 9, "num_statements": 10, "percent_covered": 87.5, "percent_covered_display": "88", "missing_lines": 1, "excluded_lines": 0, "percent_statements_covered": 90.0, "percent_statements_covered_display": "90", "num_branches": 6, "num_partial_branches": 1, "covered_branches": 5, "missing_branches": 1, "percent_branches_covered": 83.33333333333333, "percent_branches_covered_display": "83"}, "missing_lines": [213], "excluded_lines": [], "start_line": 206, "executed_branches": [[210, 211], [210, 212], [212, 214], [215, 216], [215, 218]], "missing_branches": [[212, 213]]}, "load_key_from_file": {"executed_lines": [223, 224, 225, 226, 227, 228, 229, 230, 231, 232], "summary": {"covered_lines": 10, "num_statements": 10, "percent_covered": 100.0, "percent_covered_display": "100", "missing_lines": 0, "excluded_lines": 0, "percent_statements_covered": 100.0, "percent_statements_covered_display": "100", "num_branches": 4, "num_partial_branches": 0, "covered_branches": 4, "missing_branches": 0, "percent_branches_covered": 100.0, "percent_branches_covered_display": "100"}, "missing_lines": [], "excluded_lines": [], "start_line": 222, "executed_branches": [[224, 225], [224, 226], [230, 231], [230, 232]], "missing_branches": []}, "list_domain_markdown_files": {"executed_lines": [238, 239, 241, 242, 243], "summary": {"covered_lines": 5, "num_statements": 6, "percent_covered": 75.0, "percent_covered_display": "75", "missing_lines": 1, "excluded_lines": 0, "percent_statements_covered": 83.33333333333333, "percent_statements_covered_display": "83", "num_branches": 2, "num_partial_branches": 1, "covered_branches": 1, "missing_branches": 1, "percent_branches_covered": 50.0, "percent_branches_covered_display": "50"}, "missing_lines": [240], "excluded_lines": [], "start_line": 235, "executed_branches": [[239, 241]], "missing_branches": [[239, 240]]}, "": {"executed_lines": [1, 3, 4, 5, 6, 7, 8, 9, 12, 24, 35, 46, 59, 85, 92, 104, 110, 138, 193, 199, 206, 222, 235], "summary": {"covered_lines": 23, "num_statements": 23, "percent_covered": 100.0, "percent_covered_display": "100", "missing_lines": 0, "excluded_lines": 0, "percent_statements_covered": 100.0, "percent_statements_covered_display": "100", "num_branches": 0, "num_partial_branches": 0, "covered_branches": 0, "missing_branches": 0, "percent_branches_covered": 100.0, "percent_branches_covered_display": "100"}, "missing_lines": [], "excluded_lines": [], "start_line": 1, "executed_branches": [], "missing_branches": []}}, "classes": {"": {"executed_lines": [1, 3, 4, 5, 6, 7, 8, 9, 12, 19, 20, 21, 24, 26, 27, 28, 29, 30, 31, 32, 35, 38, 39, 40, 41, 42, 43, 46, 48, 49, 50, 51, 52, 53, 54, 55, 59, 67, 68, 69, 70, 71, 74, 75, 76, 77, 78, 79, 80, 81, 85, 86, 87, 88, 89, 92, 95, 96, 97, 98, 99, 100, 101, 104, 105, 106, 107, 110, 112, 113, 114, 115, 116, 117, 118, 119, 126, 127, 128, 129, 130, 135, 138, 146, 147, 149, 150, 151, 152, 153, 154, 155, 156, 157, 158, 159, 160, 162, 163, 164, 165, 166, 167, 174, 175, 176, 177, 178, 180, 181, 182, 183, 189, 190, 193, 194, 195, 196, 199, 200, 201, 202, 203, 206, 209, 210, 211, 212, 214, 215, 216, 218, 219, 222, 223, 224, 225, 226, 227, 228, 229, 230, 231, 232, 235, 238, 239, 241, 242, 243], "summary": {"covered_lines": 150, "num_statements": 162, "percent_covered": 90.27777777777777, "percent_covered_display": "90", "missing_lines": 12, "excluded_lines": 0, "percent_statements_covered": 92.5925925925926, "percent_statements_covered_display": "93", "num_branches": 54, "num_partial_branches": 5, "covered_branches": 45, "missing_branches": 9, "percent_branches_covered": 83.33333333333333, "percent_branches_covered_display": "83"}, "missing_lines": [56, 82, 131, 132, 133, 134, 184, 185, 186, 187, 213, 240], "excluded_lines": [], "start_line": 1, "executed_branches": [[39, 40], [39, 41], [41, -35], [41, 42], [42, 41], [42, 43], [50, 51], [50, 52], [52, 53], [54, 55], [67, 68], [67, 69], [69, 70], [69, 71], [77, 78], [80, 77], [80, 81], [97, 98], [97, 99], [112, 113], [112, 114], [146, 147], [146, 149], [150, 151], [150, 152], [154, 155], [154, 156], [156, 157], [156, 158], [159, 160], [159, 162], [165, 166], [165, 180], [180, 181], [180, 183], [210, 211], [210, 212], [212, 214], [215, 216], [215, 218], [224, 225], [224, 226], [230, 231], [230, 232], [239, 241]], "missing_branches": [[52, 56], [54, 52], [77, 82], [132, 133], [132, 134], [185, 186], [185, 187], [212, 213], [239, 240]]}}}, "src/common/logging_utils.py": {"executed_lines": [1, 3, 4, 5, 6, 8, 15, 18, 19, 20, 21, 22, 25, 28, 29, 35, 36, 37, 38, 41, 53, 54, 55, 56, 57, 58, 59, 60, 65, 66, 67], "summary": {"covered_lines": 31, "num_statements": 31, "percent_covered": 100.0, "percent_covered_display": "100", "missing_lines": 0, "excluded_lines": 0, "percent_statements_covered": 100.0, "percent_statements_covered_display": "100", "num_branches": 6, "num_partial_branches": 0, "covered_branches": 6, "missing_branches": 0, "percent_branches_covered": 100.0, "percent_branches_covered_display": "100"}, "missing_lines": [], "excluded_lines": [], "executed_branches": [[36, 37], [36, 38], [54, 55], [54, 67], [58, 59], [58, 60]], "missing_branches": [], "functions": {"redact_log_value": {"executed_lines": [18, 19, 20, 21, 22], "summary": {"covered_lines": 5, "num_statements": 5, "percent_covered": 100.0, "percent_covered_display": "100", "missing_lines": 0, "excluded_lines": 0, "percent_statements_covered": 100.0, "percent_statements_covered_display": "100", "num_branches": 0, "num_partial_branches": 0, "covered_branches": 0, "missing_branches": 0, "percent_branches_covered": 100.0, "percent_branches_covered_display": "100"}, "missing_lines": [], "excluded_lines": [], "start_line": 15, "executed_branches": [], "missing_branches": []}, "_StructuredFormatter.format": {"executed_lines": [29, 35, 36, 37, 38], "summary": {"covered_lines": 5, "num_statements": 5, "percent_covered": 100.0, "percent_covered_display": "100", "missing_lines": 0, "excluded_lines": 0, "percent_statements_covered": 100.0, "percent_statements_covered_display": "100", "num_branches": 2, "num_partial_branches": 0, "covered_branches": 2, "missing_branches": 0, "percent_branches_covered": 100.0, "percent_branches_covered_display": "100"}, "missing_lines": [], "excluded_lines": [], "start_line": 28, "executed_branches": [[36, 37], [36, 38]], "missing_branches": []}, "setup_logging": {"executed_lines": [53, 54, 55, 56, 57, 58, 59, 60, 65, 66, 67], "summary": {"covered_lines": 11, "num_statements": 11, "percent_covered": 100.0, "percent_covered_display": "100", "missing_lines": 0, "excluded_lines": 0, "percent_statements_covered": 100.0, "percent_statements_covered_display": "100", "num_branches": 4, "num_partial_branches": 0, "covered_branches": 4, "missing_branches": 0, "percent_branches_covered": 100.0, "percent_branches_covered_display": "100"}, "missing_lines": [], "excluded_lines": [], "start_line": 41, "executed_branches": [[54, 55], [54, 67], [58, 59], [58, 60]], "missing_branches": []}, "": {"executed_lines": [1, 3, 4, 5, 6, 8, 15, 25, 28, 41], "summary": {"covered_lines": 10, "num_statements": 10, "percent_covered": 100.0, "percent_covered_display": "100", "missing_lines": 0, "excluded_lines": 0, "percent_statements_covered": 100.0, "percent_statements_covered_display": "100", "num_branches": 0, "num_partial_branches": 0, "covered_branches": 0, "missing_branches": 0, "percent_branches_covered": 100.0, "percent_branches_covered_display": "100"}, "missing_lines": [], "excluded_lines": [], "start_line": 1, "executed_branches": [], "missing_branches": []}}, "classes": {"_StructuredFormatter": {"executed_lines": [29, 35, 36, 37, 38], "summary": {"covered_lines": 5, "num_statements": 5, "percent_covered": 100.0, "percent_covered_display": "100", "missing_lines": 0, "excluded_lines": 0, "percent_statements_covered": 100.0, "percent_statements_covered_display": "100", "num_branches": 2, "num_partial_branches": 0, "covered_branches": 2, "missing_branches": 0, "percent_branches_covered": 100.0, "percent_branches_covered_display": "100"}, "missing_lines": [], "excluded_lines": [], "start_line": 25, "executed_branches": [[36, 37], [36, 38]], "missing_branches": []}, "": {"executed_lines": [1, 3, 4, 5, 6, 8, 15, 18, 19, 20, 21, 22, 25, 28, 41, 53, 54, 55, 56, 57, 58, 59, 60, 65, 66, 67], "summary": {"covered_lines": 26, "num_statements": 26, "percent_covered": 100.0, "percent_covered_display": "100", "missing_lines": 0, "excluded_lines": 0, "percent_statements_covered": 100.0, "percent_statements_covered_display": "100", "num_branches": 4, "num_partial_branches": 0, "covered_branches": 4, "missing_branches": 0, "percent_branches_covered": 100.0, "percent_branches_covered_display": "100"}, "missing_lines": [], "excluded_lines": [], "start_line": 1, "executed_branches": [[54, 55], [54, 67], [58, 59], [58, 60]], "missing_branches": []}}}, "src/common/paths.py": {"executed_lines": [1, 3, 4, 5, 8, 16, 17, 18, 19, 20, 21, 22, 23, 24, 25, 26, 27, 30, 31, 34, 35, 36, 37, 43, 44, 47, 48, 51, 52, 55, 56, 59, 60, 63, 64, 67, 73], "summary": {"covered_lines": 37, "num_statements": 37, "percent_covered": 100.0, "percent_covered_display": "100", "missing_lines": 0, "excluded_lines": 0, "percent_statements_covered": 100.0, "percent_statements_covered_display": "100", "num_branches": 8, "num_partial_branches": 0, "covered_branches": 8, "missing_branches": 0, "percent_branches_covered": 100.0, "percent_branches_covered_display": "100"}, "missing_lines": [], "excluded_lines": [], "executed_branches": [[17, 18], [17, 22], [19, 20], [19, 21], [23, 24], [23, 27], [25, 23], [25, 26]], "missing_branches": [], "functions": {"find_repo_root": {"executed_lines": [16, 17, 18, 19, 20, 21, 22, 23, 24, 25, 26, 27], "summary": {"covered_lines": 12, "num_statements": 12, "percent_covered": 100.0, "percent_covered_display": "100", "missing_lines": 0, "excluded_lines": 0, "percent_statements_covered": 100.0, "percent_statements_covered_display": "100", "num_branches": 8, "num_partial_branches": 0, "covered_branches": 8, "missing_branches": 0, "percent_branches_covered": 100.0, "percent_branches_covered_display": "100"}, "missing_lines": [], "excluded_lines": [], "start_line": 8, "executed_branches": [[17, 18], [17, 22], [19, 20], [19, 21], [23, 24], [23, 27], [25, 23], [25, 26]], "missing_branches": []}, "repo_root": {"executed_lines": [31], "summary": {"covered_lines": 1, "num_statements": 1, "percent_covered": 100.0, "percent_covered_display": "100", "missing_lines": 0, "excluded_lines": 0, "percent_statements_covered": 100.0, "percent_statements_covered_display": "100", "num_branches": 0, "num_partial_branches": 0, "covered_branches": 0, "missing_branches": 0, "percent_branches_covered": 100.0, "percent_branches_covered_display": "100"}, "missing_lines": [], "excluded_lines": [], "start_line": 30, "executed_branches": [], "missing_branches": []}, "ensure_dir": {"executed_lines": [35, 36, 37], "summary": {"covered_lines": 3, "num_statements": 3, "percent_covered": 100.0, "percent_covered_display": "100", "missing_lines": 0, "excluded_lines": 0, "percent_statements_covered": 100.0, "percent_statements_covered_display": "100", "num_branches": 0, "num_partial_branches": 0, "covered_branches": 0, "missing_branches": 0, "percent_branches_covered": 100.0, "percent_branches_covered_display": "100"}, "missing_lines": [], "excluded_lines": [], "start_line": 34, "executed_branches": [], "missing_branches": []}, "data_root": {"executed_lines": [44], "summary": {"covered_lines": 1, "num_statements": 1, "percent_covered": 100.0, "percent_covered_display": "100", "missing_lines": 0, "excluded_lines": 0, "percent_statements_covered": 100.0, "percent_statements_covered_display": "100", "num_branches": 0, "num_partial_branches": 0, "covered_branches": 0, "missing_branches": 0, "percent_branches_covered": 100.0, "percent_branches_covered_display": "100"}, "missing_lines": [], "excluded_lines": [], "start_line": 43, "executed_branches": [], "missing_branches": []}, "data_written_curriculums_dir": {"executed_lines": [48], "summary": {"covered_lines": 1, "num_statements": 1, "percent_covered": 100.0, "percent_covered_display": "100", "missing_lines": 0, "excluded_lines": 0, "percent_statements_covered": 100.0, "percent_statements_covered_display": "100", "num_branches": 0, "num_partial_branches": 0, "covered_branches": 0, "missing_branches": 0, "percent_branches_covered": 100.0, "percent_branches_covered_display": "100"}, "missing_lines": [], "excluded_lines": [], "start_line": 47, "executed_branches": [], "missing_branches": []}, "data_translated_curriculums_dir": {"executed_lines": [52], "summary": {"covered_lines": 1, "num_statements": 1, "percent_covered": 100.0, "percent_covered_display": "100", "missing_lines": 0, "excluded_lines": 0, "percent_statements_covered": 100.0, "percent_statements_covered_display": "100", "num_branches": 0, "num_partial_branches": 0, "covered_branches": 0, "missing_branches": 0, "percent_branches_covered": 100.0, "percent_branches_covered_display": "100"}, "missing_lines": [], "excluded_lines": [], "start_line": 51, "executed_branches": [], "missing_branches": []}, "data_visualizations_dir": {"executed_lines": [56], "summary": {"covered_lines": 1, "num_statements": 1, "percent_covered": 100.0, "percent_covered_display": "100", "missing_lines": 0, "excluded_lines": 0, "percent_statements_covered": 100.0, "percent_statements_covered_display": "100", "num_branches": 0, "num_partial_branches": 0, "covered_branches": 0, "missing_branches": 0, "percent_branches_covered": 100.0, "percent_branches_covered_display": "100"}, "missing_lines": [], "excluded_lines": [], "start_line": 55, "executed_branches": [], "missing_branches": []}, "data_audience_research_dir": {"executed_lines": [60], "summary": {"covered_lines": 1, "num_statements": 1, "percent_covered": 100.0, "percent_covered_display": "100", "missing_lines": 0, "excluded_lines": 0, "percent_statements_covered": 100.0, "percent_statements_covered_display": "100", "num_branches": 0, "num_partial_branches": 0, "covered_branches": 0, "missing_branches": 0, "percent_branches_covered": 100.0, "percent_branches_covered_display": "100"}, "missing_lines": [], "excluded_lines": [], "start_line": 59, "executed_branches": [], "missing_branches": []}, "data_domain_research_dir": {"executed_lines": [64], "summary": {"covered_lines": 1, "num_statements": 1, "percent_covered": 100.0, "percent_covered_display": "100", "missing_lines": 0, "excluded_lines": 0, "percent_statements_covered": 100.0, "percent_statements_covered_display": "100", "num_branches": 0, "num_partial_branches": 0, "covered_branches": 0, "missing_branches": 0, "percent_branches_covered": 100.0, "percent_branches_covered_display": "100"}, "missing_lines": [], "excluded_lines": [], "start_line": 63, "executed_branches": [], "missing_branches": []}, "config_dir": {"executed_lines": [73], "summary": {"covered_lines": 1, "num_statements": 1, "percent_covered": 100.0, "percent_covered_display": "100", "missing_lines": 0, "excluded_lines": 0, "percent_statements_covered": 100.0, "percent_statements_covered_display": "100", "num_branches": 0, "num_partial_branches": 0, "covered_branches": 0, "missing_branches": 0, "percent_branches_covered": 100.0, "percent_branches_covered_display": "100"}, "missing_lines": [], "excluded_lines": [], "start_line": 67, "executed_branches": [], "missing_branches": []}, "": {"executed_lines": [1, 3, 4, 5, 8, 30, 34, 43, 47, 51, 55, 59, 63, 67], "summary": {"covered_lines": 14, "num_statements": 14, "percent_covered": 100.0, "percent_covered_display": "100", "missing_lines": 0, "excluded_lines": 0, "percent_statements_covered": 100.0, "percent_statements_covered_display": "100", "num_branches": 0, "num_partial_branches": 0, "covered_branches": 0, "missing_branches": 0, "percent_branches_covered": 100.0, "percent_branches_covered_display": "100"}, "missing_lines": [], "excluded_lines": [], "start_line": 1, "executed_branches": [], "missing_branches": []}}, "classes": {"": {"executed_lines": [1, 3, 4, 5, 8, 16, 17, 18, 19, 20, 21, 22, 23, 24, 25, 26, 27, 30, 31, 34, 35, 36, 37, 43, 44, 47, 48, 51, 52, 55, 56, 59, 60, 63, 64, 67, 73], "summary": {"covered_lines": 37, "num_statements": 37, "percent_covered": 100.0, "percent_covered_display": "100", "missing_lines": 0, "excluded_lines": 0, "percent_statements_covered": 100.0, "percent_statements_covered_display": "100", "num_branches": 8, "num_partial_branches": 0, "covered_branches": 8, "missing_branches": 0, "percent_branches_covered": 100.0, "percent_branches_covered_display": "100"}, "missing_lines": [], "excluded_lines": [], "start_line": 1, "executed_branches": [[17, 18], [17, 22], [19, 20], [19, 21], [23, 24], [23, 27], [25, 23], [25, 26]], "missing_branches": []}}}, "src/common/prompts.py": {"executed_lines": [3, 5, 6, 7, 9, 10, 13, 15, 18, 30, 31, 32, 33, 35, 38, 48, 49, 50, 51, 52, 55, 74, 75, 77, 80, 81, 83, 84, 85, 87, 88, 90, 92, 94, 95, 96, 97, 99, 101, 102, 104, 107, 116, 125, 126, 127, 128, 131, 132, 135, 136, 137, 140, 141, 143, 147, 148, 149, 150, 152, 155, 172, 175, 176, 177, 180, 181, 182, 185, 191, 192, 194], "summary": {"covered_lines": 72, "num_statements": 79, "percent_covered": 87.39495798319328, "percent_covered_display": "87", "missing_lines": 7, "excluded_lines": 0, "percent_statements_covered": 91.13924050632912, "percent_statements_covered_display": "91", "num_branches": 40, "num_partial_branches": 8, "covered_branches": 32, "missing_branches": 8, "percent_branches_covered": 80.0, "percent_branches_covered_display": "80"}, "missing_lines": [34, 78, 91, 142, 144, 178, 193], "excluded_lines": [], "executed_branches": [[30, 31], [30, 32], [33, 35], [48, 49], [48, 50], [74, 75], [74, 77], [77, 80], [87, 88], [87, 94], [90, 92], [95, 96], [95, 97], [101, 102], [101, 104], [125, 126], [125, 131], [136, 137], [136, 140], [140, 141], [140, 147], [141, 143], [143, 140], [147, 148], [147, 149], [149, 150], [175, 176], [175, 180], [177, 180], [180, 181], [180, 182], [192, 194]], "missing_branches": [[33, 34], [77, 78], [90, 91], [141, 142], [143, 144], [149, 152], [177, 178], [192, 193]], "functions": {"prompts_dir": {"executed_lines": [15], "summary": {"covered_lines": 1, "num_statements": 1, "percent_covered": 100.0, "percent_covered_display": "100", "missing_lines": 0, "excluded_lines": 0, "percent_statements_covered": 100.0, "percent_statements_covered_display": "100", "num_branches": 0, "num_partial_branches": 0, "covered_branches": 0, "missing_branches": 0, "percent_branches_covered": 100.0, "percent_branches_covered_display": "100"}, "missing_lines": [], "excluded_lines": [], "start_line": 13, "executed_branches": [], "missing_branches": []}, "load_prompt_template": {"executed_lines": [30, 31, 32, 33, 35], "summary": {"covered_lines": 5, "num_statements": 6, "percent_covered": 80.0, "percent_covered_display": "80", "missing_lines": 1, "excluded_lines": 0, "percent_statements_covered": 83.33333333333333, "percent_statements_covered_display": "83", "num_branches": 4, "num_partial_branches": 1, "covered_branches": 3, "missing_branches": 1, "percent_branches_covered": 75.0, "percent_branches_covered_display": "75"}, "missing_lines": [34], "excluded_lines": [], "start_line": 18, "executed_branches": [[30, 31], [30, 32], [33, 35]], "missing_branches": [[33, 34]]}, "save_prompt_template": {"executed_lines": [48, 49, 50, 51, 52], "summary": {"covered_lines": 5, "num_statements": 5, "percent_covered": 100.0, "percent_covered_display": "100", "missing_lines": 0, "excluded_lines": 0, "percent_statements_covered": 100.0, "percent_statements_covered_display": "100", "num_branches": 2, "num_partial_branches": 0, "covered_branches": 2, "missing_branches": 0, "percent_branches_covered": 100.0, "percent_branches_covered_display": "100"}, "missing_lines": [], "excluded_lines": [], "start_line": 38, "executed_branches": [[48, 49], [48, 50]], "missing_branches": []}, "substitute_variables": {"executed_lines": [74, 75, 77, 80, 81, 83, 99, 101, 102, 104], "summary": {"covered_lines": 10, "num_statements": 11, "percent_covered": 88.23529411764706, "percent_covered_display": "88", "missing_lines": 1, "excluded_lines": 0, "percent_statements_covered": 90.9090909090909, "percent_statements_covered_display": "91", "num_branches": 6, "num_partial_branches": 1, "covered_branches": 5, "missing_branches": 1, "percent_branches_covered": 83.33333333333333, "percent_branches_covered_display": "83"}, "missing_lines": [78], "excluded_lines": [], "start_line": 55, "executed_branches": [[74, 75], [74, 77], [77, 80], [101, 102], [101, 104]], "missing_branches": [[77, 78]]}, "substitute_variables.replace_var": {"executed_lines": [84, 85, 87, 88, 90, 92, 94, 95, 96, 97], "summary": {"covered_lines": 10, "num_statements": 11, "percent_covered": 88.23529411764706, "percent_covered_display": "88", "missing_lines": 1, "excluded_lines": 0, "percent_statements_covered": 90.9090909090909, "percent_statements_covered_display": "91", "num_branches": 6, "num_partial_branches": 1, "covered_branches": 5, "missing_branches": 1, "percent_branches_covered": 83.33333333333333, "percent_branches_covered_display": "83"}, "missing_lines": [91], "excluded_lines": [], "start_line": 83, "executed_branches": [[87, 88], [87, 94], [90, 92], [95, 96], [95, 97]], "missing_branches": [[90, 91]]}, "validate_prompt_template": {"executed_lines": [116, 125, 126, 127, 128, 131, 132, 135, 136, 137, 140, 141, 143, 147, 148, 149, 150, 152], "summary": {"covered_lines": 18, "num_statements": 20, "percent_covered": 85.29411764705883, "percent_covered_display": "85", "missing_lines": 2, "excluded_lines": 0, "percent_statements_covered": 90.0, "percent_statements_covered_display": "90", "num_branches": 14, "num_partial_branches": 3, "covered_branches": 11, "missing_branches": 3, "percent_branches_covered": 78.57142857142857, "percent_branches_covered_display": "79"}, "missing_lines": [142, 144], "excluded_lines": [], "start_line": 107, "executed_branches": [[125, 126], [125, 131], [136, 137], [136, 140], [140, 141], [140, 147], [141, 143], [143, 140], [147, 148], [147, 149], [149, 150]], "missing_branches": [[141, 142], [143, 144], [149, 152]]}, "render_prompt": {"executed_lines": [172, 175, 176, 177, 180, 181, 182], "summary": {"covered_lines": 7, "num_statements": 8, "percent_covered": 85.71428571428571, "percent_covered_display": "86", "missing_lines": 1, "excluded_lines": 0, "percent_statements_covered": 87.5, "percent_statements_covered_display": "88", "num_branches": 6, "num_partial_branches": 1, "covered_branches": 5, "missing_branches": 1, "percent_branches_covered": 83.33333333333333, "percent_branches_covered_display": "83"}, "missing_lines": [178], "excluded_lines": [], "start_line": 155, "executed_branches": [[175, 176], [175, 180], [177, 180], [180, 181], [180, 182]], "missing_branches": [[177, 178]]}, "list_prompt_templates": {"executed_lines": [191, 192, 194], "summary": {"covered_lines": 3, "num_statements": 4, "percent_covered": 66.66666666666667, "percent_covered_display": "67", "missing_lines": 1, "excluded_lines": 0, "percent_statements_covered": 75.0, "percent_statements_covered_display": "75", "num_branches": 2, "num_partial_branches": 1, "covered_branches": 1, "missing_branches": 1, "percent_branches_covered": 50.0, "percent_branches_covered_display": "50"}, "missing_lines": [193], "excluded_lines": [], "start_line": 185, "executed_branches": [[192, 194]], "missing_branches": [[192, 193]]}, "": {"executed_lines": [3, 5, 6, 7, 9, 10, 13, 18, 38, 55, 107, 155, 185], "summary": {"covered_lines": 13, "num_statements": 13, "percent_covered": 100.0, "percent_covered_display": "100", "missing_lines": 0, "excluded_lines": 0, "percent_statements_covered": 100.0, "percent_statements_covered_display": "100", "num_branches": 0, "num_partial_branches": 0, "covered_branches": 0, "missing_branches": 0, "percent_branches_covered": 100.0, "percent_branches_covered_display": "100"}, "missing_lines": [], "excluded_lines": [], "start_line": 1, "executed_branches": [], "missing_branches": []}}, "classes": {"": {"executed_lines": [3, 5, 6, 7, 9, 10, 13, 15, 18, 30, 31, 32, 33, 35, 38, 48, 49, 50, 51, 52, 55, 74, 75, 77, 80, 81, 83, 84, 85, 87, 88, 90, 92, 94, 95, 96, 97, 99, 101, 102, 104, 107, 116, 125, 126, 127, 128, 131, 132, 135, 136, 137, 140, 141, 143, 147, 148, 149, 150, 152, 155, 172, 175, 176, 177, 180, 181, 182, 185, 191, 192, 194], "summary": {"covered_lines": 72, "num_statements": 79, "percent_covered": 87.39495798319328, "percent_covered_display": "87", "missing_lines": 7, "excluded_lines": 0, "percent_statements_covered": 91.13924050632912, "percent_statements_covered_display": "91", "num_branches": 40, "num_partial_branches": 8, "covered_branches": 32, "missing_branches": 8, "percent_branches_covered": 80.0, "percent_branches_covered_display": "80"}, "missing_lines": [34, 78, 91, 142, 144, 178, 193], "excluded_lines": [], "start_line": 1, "executed_branches": [[30, 31], [30, 32], [33, 35], [48, 49], [48, 50], [74, 75], [74, 77], [77, 80], [87, 88], [87, 94], [90, 92], [95, 96], [95, 97], [101, 102], [101, 104], [125, 126], [125, 131], [136, 137], [136, 140], [140, 141], [140, 147], [141, 143], [143, 140], [147, 148], [147, 149], [149, 150], [175, 176], [175, 180], [177, 180], [180, 181], [180, 182], [192, 194]], "missing_branches": [[33, 34], [77, 78], [90, 91], [141, 142], [143, 144], [149, 152], [177, 178], [192, 193]]}}}, "src/config/catalog.py": {"executed_lines": [3, 5, 6, 8, 9, 17, 18, 19, 20, 23, 24, 25, 26, 29, 32, 33, 34, 35, 36, 37, 40, 43, 44, 45, 46, 49, 58, 60, 61, 63], "summary": {"covered_lines": 30, "num_statements": 31, "percent_covered": 92.3076923076923, "percent_covered_display": "92", "missing_lines": 1, "excluded_lines": 0, "percent_statements_covered": 96.7741935483871, "percent_statements_covered_display": "97", "num_branches": 8, "num_partial_branches": 2, "covered_branches": 6, "missing_branches": 2, "percent_branches_covered": 75.0, "percent_branches_covered_display": "75"}, "missing_lines": [62], "excluded_lines": [], "executed_branches": [[33, 34], [33, 35], [35, 36], [35, 37], [44, 45], [61, 63]], "missing_branches": [[44, 46], [61, 62]], "functions": {"load_domains_config": {"executed_lines": [18, 19, 20], "summary": {"covered_lines": 3, "num_statements": 3, "percent_covered": 100.0, "percent_covered_display": "100", "missing_lines": 0, "excluded_lines": 0, "percent_statements_covered": 100.0, "percent_statements_covered_display": "100", "num_branches": 0, "num_partial_branches": 0, "covered_branches": 0, "missing_branches": 0, "percent_branches_covered": 100.0, "percent_branches_covered_display": "100"}, "missing_lines": [], "excluded_lines": [], "start_line": 17, "executed_branches": [], "missing_branches": []}, "load_entities_config": {"executed_lines": [24, 25, 26], "summary": {"covered_lines": 3, "num_statements": 3, "percent_covered": 100.0, "percent_covered_display": "100", "missing_lines": 0, "excluded_lines": 0, "percent_statements_covered": 100.0, "percent_statements_covered_display": "100", "num_branches": 0, "num_partial_branches": 0, "covered_branches": 0, "missing_branches": 0, "percent_branches_covered": 100.0, "percent_branches_covered_display": "100"}, "missing_lines": [], "excluded_lines": [], "start_line": 23, "executed_branches": [], "missing_branches": []}, "domains_to_process": {"executed_lines": [32, 33, 34, 35, 36, 37], "summary": {"covered_lines": 6, "num_statements": 6, "percent_covered": 100.0, "percent_covered_display": "100", "missing_lines": 0, "excluded_lines": 0, "percent_statements_covered": 100.0, "percent_statements_covered_display": "100", "num_branches": 4, "num_partial_branches": 0, "covered_branches": 4, "missing_branches": 0, "percent_branches_covered": 100.0, "percent_branches_covered_display": "100"}, "missing_lines": [], "excluded_lines": [], "start_line": 29, "executed_branches": [[33, 34], [33, 35], [35, 36], [35, 37]], "missing_branches": []}, "entities_to_process": {"executed_lines": [43, 44, 45, 46], "summary": {"covered_lines": 4, "num_statements": 4, "percent_covered": 83.33333333333333, "percent_covered_display": "83", "missing_lines": 0, "excluded_lines": 0, "percent_statements_covered": 100.0, "percent_statements_covered_display": "100", "num_branches": 2, "num_partial_branches": 1, "covered_branches": 1, "missing_branches": 1, "percent_branches_covered": 50.0, "percent_branches_covered_display": "50"}, "missing_lines": [], "excluded_lines": [], "start_line": 40, "executed_branches": [[44, 45]], "missing_branches": [[44, 46]]}, "output_exists": {"executed_lines": [58, 60, 61, 63], "summary": {"covered_lines": 4, "num_statements": 5, "percent_covered": 71.42857142857143, "percent_covered_display": "71", "missing_lines": 1, "excluded_lines": 0, "percent_statements_covered": 80.0, "percent_statements_covered_display": "80", "num_branches": 2, "num_partial_branches": 1, "covered_branches": 1, "missing_branches": 1, "percent_branches_covered": 50.0, "percent_branches_covered_display": "50"}, "missing_lines": [62], "excluded_lines": [], "start_line": 49, "executed_branches": [[61, 63]], "missing_branches": [[61, 62]]}, "": {"executed_lines": [3, 5, 6, 8, 9, 17, 23, 29, 40, 49], "summary": {"covered_lines": 10, "num_statements": 10, "percent_covered": 100.0, "percent_covered_display": "100", "missing_lines": 0, "excluded_lines": 0, "percent_statements_covered": 100.0, "percent_statements_covered_display": "100", "num_branches": 0, "num_partial_branches": 0, "covered_branches": 0, "missing_branches": 0, "percent_branches_covered": 100.0, "percent_branches_covered_display": "100"}, "missing_lines": [], "excluded_lines": [], "start_line": 1, "executed_branches": [], "missing_branches": []}}, "classes": {"": {"executed_lines": [3, 5, 6, 8, 9, 17, 18, 19, 20, 23, 24, 25, 26, 29, 32, 33, 34, 35, 36, 37, 40, 43, 44, 45, 46, 49, 58, 60, 61, 63], "summary": {"covered_lines": 30, "num_statements": 31, "percent_covered": 92.3076923076923, "percent_covered_display": "92", "missing_lines": 1, "excluded_lines": 0, "percent_statements_covered": 96.7741935483871, "percent_statements_covered_display": "97", "num_branches": 8, "num_partial_branches": 2, "covered_branches": 6, "missing_branches": 2, "percent_branches_covered": 75.0, "percent_branches_covered_display": "75"}, "missing_lines": [62], "excluded_lines": [], "start_line": 1, "executed_branches": [[33, 34], [33, 35], [35, 36], [35, 37], [44, 45], [61, 63]], "missing_branches": [[44, 46], [61, 62]]}}}, "src/config/languages.py": {"executed_lines": [3, 5, 7, 8, 11, 17, 18, 19, 22, 31, 35, 38, 48, 49, 50, 51, 52, 53, 54], "summary": {"covered_lines": 19, "num_statements": 19, "percent_covered": 100.0, "percent_covered_display": "100", "missing_lines": 0, "excluded_lines": 0, "percent_statements_covered": 100.0, "percent_statements_covered_display": "100", "num_branches": 4, "num_partial_branches": 0, "covered_branches": 4, "missing_branches": 0, "percent_branches_covered": 100.0, "percent_branches_covered_display": "100"}, "missing_lines": [], "excluded_lines": [], "executed_branches": [[48, 49], [48, 50], [52, 53], [52, 54]], "missing_branches": [], "functions": {"load_languages_config": {"executed_lines": [17, 18, 19], "summary": {"covered_lines": 3, "num_statements": 3, "percent_covered": 100.0, "percent_covered_display": "100", "missing_lines": 0, "excluded_lines": 0, "percent_statements_covered": 100.0, "percent_statements_covered_display": "100", "num_branches": 0, "num_partial_branches": 0, "covered_branches": 0, "missing_branches": 0, "percent_branches_covered": 100.0, "percent_branches_covered_display": "100"}, "missing_lines": [], "excluded_lines": [], "start_line": 11, "executed_branches": [], "missing_branches": []}, "get_target_languages": {"executed_lines": [31, 35], "summary": {"covered_lines": 2, "num_statements": 2, "percent_covered": 100.0, "percent_covered_display": "100", "missing_lines": 0, "excluded_lines": 0, "percent_statements_covered": 100.0, "percent_statements_covered_display": "100", "num_branches": 0, "num_partial_branches": 0, "covered_branches": 0, "missing_branches": 0, "percent_branches_covered": 100.0, "percent_branches_covered_display": "100"}, "missing_lines": [], "excluded_lines": [], "start_line": 22, "executed_branches": [], "missing_branches": []}, "get_script_mapping": {"executed_lines": [48, 49, 50, 51, 52, 53, 54], "summary": {"covered_lines": 7, "num_statements": 7, "percent_covered": 100.0, "percent_covered_display": "100", "missing_lines": 0, "excluded_lines": 0, "percent_statements_covered": 100.0, "percent_statements_covered_display": "100", "num_branches": 4, "num_partial_branches": 0, "covered_branches": 4, "missing_branches": 0, "percent_branches_covered": 100.0, "percent_branches_covered_display": "100"}, "missing_lines": [], "excluded_lines": [], "start_line": 38, "executed_branches": [[48, 49], [48, 50], [52, 53], [52, 54]], "missing_branches": []}, "": {"executed_lines": [3, 5, 7, 8, 11, 22, 38], "summary": {"covered_lines": 7, "num_statements": 7, "percent_covered": 100.0, "percent_covered_display": "100", "missing_lines": 0, "excluded_lines": 0, "percent_statements_covered": 100.0, "percent_statements_covered_display": "100", "num_branches": 0, "num_partial_branches": 0, "covered_branches": 0, "missing_branches": 0, "percent_branches_covered": 100.0, "percent_branches_covered_display": "100"}, "missing_lines": [], "excluded_lines": [], "start_line": 1, "executed_branches": [], "missing_branches": []}}, "classes": {"": {"executed_lines": [3, 5, 7, 8, 11, 17, 18, 19, 22, 31, 35, 38, 48, 49, 50, 51, 52, 53, 54], "summary": {"covered_lines": 19, "num_statements": 19, "percent_covered": 100.0, "percent_covered_display": "100", "missing_lines": 0, "excluded_lines": 0, "percent_statements_covered": 100.0, "percent_statements_covered_display": "100", "num_branches": 4, "num_partial_branches": 0, "covered_branches": 4, "missing_branches": 0, "percent_branches_covered": 100.0, "percent_branches_covered_display": "100"}, "missing_lines": [], "excluded_lines": [], "start_line": 1, "executed_branches": [[48, 49], [48, 50], [52, 53], [52, 54]], "missing_branches": []}}}, "src/config/schemas.py": {"executed_lines": [3, 5, 6, 7, 8, 9, 11, 13, 14, 17, 20, 21, 22, 24, 27, 28, 29, 31, 34, 35, 36, 37, 38, 39, 40, 43, 44, 45, 46, 49, 50, 51, 53, 55, 56, 57, 58, 59, 60, 61, 62, 63, 66, 67, 68, 69, 70, 72, 73, 74, 75, 76, 79, 80, 81, 82, 83, 84, 85, 86, 87, 88, 91, 92, 93, 94, 95, 96, 97, 98, 99, 102, 103, 104, 105, 106, 109, 114, 115, 116, 117, 118, 119, 120, 121, 122, 123, 124, 125, 127, 128, 129, 130, 131, 132, 133, 134, 137, 138, 139, 140, 141, 144, 156, 159, 164, 165, 166, 167, 168, 169, 170, 171, 173, 174, 175, 177, 178, 179, 181, 182, 183, 187, 198, 201, 204, 205, 206, 207, 208, 210, 211, 212, 213, 214, 215, 216, 217, 218, 220, 221, 222, 223, 224, 225, 226, 227, 228, 229, 236, 239, 242, 243, 244, 245, 246, 247, 248, 249, 250], "summary": {"covered_lines": 160, "num_statements": 172, "percent_covered": 89.75409836065573, "percent_covered_display": "90", "missing_lines": 12, "excluded_lines": 0, "percent_statements_covered": 93.02325581395348, "percent_statements_covered_display": "93", "num_branches": 72, "num_partial_branches": 13, "covered_branches": 59, "missing_branches": 13, "percent_branches_covered": 81.94444444444444, "percent_branches_covered_display": "82"}, "missing_lines": [23, 30, 52, 54, 71, 126, 172, 176, 180, 184, 209, 235], "excluded_lines": [], "executed_branches": [[22, 24], [29, 31], [36, 37], [36, 38], [38, 39], [38, 40], [44, 45], [44, 46], [51, 53], [53, 55], [56, 57], [56, 61], [58, 59], [58, 60], [61, 62], [61, 63], [68, 69], [68, 70], [70, 72], [115, 116], [115, 117], [119, 120], [119, 156], [121, 122], [121, 123], [125, 127], [131, 132], [131, 133], [134, 137], [134, 138], [140, 141], [140, 144], [165, 166], [165, 167], [169, 170], [169, 198], [171, 173], [175, 177], [179, 181], [183, 187], [206, 207], [206, 208], [208, 210], [212, 213], [212, 228], [213, 214], [213, 216], [216, 217], [216, 220], [221, 222], [221, 223], [224, 225], [224, 226], [228, 229], [228, 236], [229, 228], [244, 245], [244, 249], [246, 247]], "missing_branches": [[22, 23], [29, 30], [51, 52], [53, 54], [70, 71], [125, 126], [171, 172], [175, 176], [179, 180], [183, 184], [208, 209], [229, 235], [246, 248]], "functions": {"stable_identifier": {"executed_lines": [20, 21, 22, 24], "summary": {"covered_lines": 4, "num_statements": 5, "percent_covered": 71.42857142857143, "percent_covered_display": "71", "missing_lines": 1, "excluded_lines": 0, "percent_statements_covered": 80.0, "percent_statements_covered_display": "80", "num_branches": 2, "num_partial_branches": 1, "covered_branches": 1, "missing_branches": 1, "percent_branches_covered": 50.0, "percent_branches_covered_display": "50"}, "missing_lines": [23], "excluded_lines": [], "start_line": 17, "executed_branches": [[22, 24]], "missing_branches": [[22, 23]]}, "_identifier": {"executed_lines": [28, 29, 31], "summary": {"covered_lines": 3, "num_statements": 4, "percent_covered": 66.66666666666667, "percent_covered_display": "67", "missing_lines": 1, "excluded_lines": 0, "percent_statements_covered": 75.0, "percent_statements_covered_display": "75", "num_branches": 2, "num_partial_branches": 1, "covered_branches": 1, "missing_branches": 1, "percent_branches_covered": 50.0, "percent_branches_covered_display": "50"}, "missing_lines": [30], "excluded_lines": [], "start_line": 27, "executed_branches": [[29, 31]], "missing_branches": [[29, 30]]}, "_required_text": {"executed_lines": [35, 36, 37, 38, 39, 40], "summary": {"covered_lines": 6, "num_statements": 6, "percent_covered": 100.0, "percent_covered_display": "100", "missing_lines": 0, "excluded_lines": 0, "percent_statements_covered": 100.0, "percent_statements_covered_display": "100", "num_branches": 4, "num_partial_branches": 0, "covered_branches": 4, "missing_branches": 0, "percent_branches_covered": 100.0, "percent_branches_covered_display": "100"}, "missing_lines": [], "excluded_lines": [], "start_line": 34, "executed_branches": [[36, 37], [36, 38], [38, 39], [38, 40]], "missing_branches": []}, "_category": {"executed_lines": [44, 45, 46], "summary": {"covered_lines": 3, "num_statements": 3, "percent_covered": 100.0, "percent_covered_display": "100", "missing_lines": 0, "excluded_lines": 0, "percent_statements_covered": 100.0, "percent_statements_covered_display": "100", "num_branches": 2, "num_partial_branches": 0, "covered_branches": 2, "missing_branches": 0, "percent_branches_covered": 100.0, "percent_branches_covered_display": "100"}, "missing_lines": [], "excluded_lines": [], "start_line": 43, "executed_branches": [[44, 45], [44, 46]], "missing_branches": []}, "_optional_sources": {"executed_lines": [50, 51, 53, 55, 56, 57, 58, 59, 60, 61, 62, 63], "summary": {"covered_lines": 12, "num_statements": 14, "percent_covered": 83.33333333333333, "percent_covered_display": "83", "missing_lines": 2, "excluded_lines": 0, "percent_statements_covered": 85.71428571428571, "percent_statements_covered_display": "86", "num_branches": 10, "num_partial_branches": 2, "covered_branches": 8, "missing_branches": 2, "percent_branches_covered": 80.0, "percent_branches_covered_display": "80"}, "missing_lines": [52, 54], "excluded_lines": [], "start_line": 49, "executed_branches": [[51, 53], [53, 55], [56, 57], [56, 61], [58, 59], [58, 60], [61, 62], [61, 63]], "missing_branches": [[51, 52], [53, 54]]}, "_optional_verification_date": {"executed_lines": [67, 68, 69, 70, 72, 73, 74, 75, 76], "summary": {"covered_lines": 9, "num_statements": 10, "percent_covered": 85.71428571428571, "percent_covered_display": "86", "missing_lines": 1, "excluded_lines": 0, "percent_statements_covered": 90.0, "percent_statements_covered_display": "90", "num_branches": 4, "num_partial_branches": 1, "covered_branches": 3, "missing_branches": 1, "percent_branches_covered": 75.0, "percent_branches_covered_display": "75"}, "missing_lines": [71], "excluded_lines": [], "start_line": 66, "executed_branches": [[68, 69], [68, 70], [70, 72]], "missing_branches": [[70, 71]]}, "validate_domains_config": {"executed_lines": [114, 115, 116, 117, 118, 119, 120, 121, 122, 123, 124, 125, 127, 128, 129, 130, 131, 132, 133, 134, 137, 138, 139, 140, 141, 144, 156], "summary": {"covered_lines": 27, "num_statements": 28, "percent_covered": 95.23809523809524, "percent_covered_display": "95", "missing_lines": 1, "excluded_lines": 0, "percent_statements_covered": 96.42857142857143, "percent_statements_covered_display": "96", "num_branches": 14, "num_partial_branches": 1, "covered_branches": 13, "missing_branches": 1, "percent_branches_covered": 92.85714285714286, "percent_branches_covered_display": "93"}, "missing_lines": [126], "excluded_lines": [], "start_line": 109, "executed_branches": [[115, 116], [115, 117], [119, 120], [119, 156], [121, 122], [121, 123], [125, 127], [131, 132], [131, 133], [134, 137], [134, 138], [140, 141], [140, 144]], "missing_branches": [[125, 126]]}, "validate_entities_config": {"executed_lines": [164, 165, 166, 167, 168, 169, 170, 171, 173, 174, 175, 177, 178, 179, 181, 182, 183, 187, 198], "summary": {"covered_lines": 19, "num_statements": 23, "percent_covered": 77.14285714285714, "percent_covered_display": "77", "missing_lines": 4, "excluded_lines": 0, "percent_statements_covered": 82.6086956521739, "percent_statements_covered_display": "83", "num_branches": 12, "num_partial_branches": 4, "covered_branches": 8, "missing_branches": 4, "percent_branches_covered": 66.66666666666667, "percent_branches_covered_display": "67"}, "missing_lines": [172, 176, 180, 184], "excluded_lines": [], "start_line": 159, "executed_branches": [[165, 166], [165, 167], [169, 170], [169, 198], [171, 173], [175, 177], [179, 181], [183, 187]], "missing_branches": [[171, 172], [175, 176], [179, 180], [183, 184]]}, "validate_languages_config": {"executed_lines": [204, 205, 206, 207, 208, 210, 211, 212, 213, 214, 215, 216, 217, 218, 220, 221, 222, 223, 224, 225, 226, 227, 228, 229, 236], "summary": {"covered_lines": 25, "num_statements": 27, "percent_covered": 91.11111111111111, "percent_covered_display": "91", "missing_lines": 2, "excluded_lines": 0, "percent_statements_covered": 92.5925925925926, "percent_statements_covered_display": "93", "num_branches": 18, "num_partial_branches": 2, "covered_branches": 16, "missing_branches": 2, "percent_branches_covered": 88.88888888888889, "percent_branches_covered_display": "89"}, "missing_lines": [209, 235], "excluded_lines": [], "start_line": 201, "executed_branches": [[206, 207], [206, 208], [208, 210], [212, 213], [212, 228], [213, 214], [213, 216], [216, 217], [216, 220], [221, 222], [221, 223], [224, 225], [224, 226], [228, 229], [228, 236], [229, 228]], "missing_branches": [[208, 209], [229, 235]]}, "add_stable_ids": {"executed_lines": [242, 243, 244, 245, 246, 247, 248, 249, 250], "summary": {"covered_lines": 9, "num_statements": 9, "percent_covered": 92.3076923076923, "percent_covered_display": "92", "missing_lines": 0, "excluded_lines": 0, "percent_statements_covered": 100.0, "percent_statements_covered_display": "100", "num_branches": 4, "num_partial_branches": 1, "covered_branches": 3, "missing_branches": 1, "percent_branches_covered": 75.0, "percent_branches_covered_display": "75"}, "missing_lines": [], "excluded_lines": [], "start_line": 239, "executed_branches": [[244, 245], [244, 249], [246, 247]], "missing_branches": [[246, 248]]}, "": {"executed_lines": [3, 5, 6, 7, 8, 9, 11, 13, 14, 17, 27, 34, 43, 49, 66, 79, 80, 81, 82, 83, 84, 85, 86, 87, 88, 91, 92, 93, 94, 95, 96, 97, 98, 99, 102, 103, 104, 105, 106, 109, 159, 201, 239], "summary": {"covered_lines": 43, "num_statements": 43, "percent_covered": 100.0, "percent_covered_display": "100", "missing_lines": 0, "excluded_lines": 0, "percent_statements_covered": 100.0, "percent_statements_covered_display": "100", "num_branches": 0, "num_partial_branches": 0, "covered_branches": 0, "missing_branches": 0, "percent_branches_covered": 100.0, "percent_branches_covered_display": "100"}, "missing_lines": [], "excluded_lines": [], "start_line": 1, "executed_branches": [], "missing_branches": []}}, "classes": {"DomainConfig": {"executed_lines": [], "summary": {"covered_lines": 0, "num_statements": 0, "percent_covered": 100.0, "percent_covered_display": "100", "missing_lines": 0, "excluded_lines": 0, "percent_statements_covered": 100.0, "percent_statements_covered_display": "100", "num_branches": 0, "num_partial_branches": 0, "covered_branches": 0, "missing_branches": 0, "percent_branches_covered": 100.0, "percent_branches_covered_display": "100"}, "missing_lines": [], "excluded_lines": [], "start_line": 80, "executed_branches": [], "missing_branches": []}, "EntityConfig": {"executed_lines": [], "summary": {"covered_lines": 0, "num_statements": 0, "percent_covered": 100.0, "percent_covered_display": "100", "missing_lines": 0, "excluded_lines": 0, "percent_statements_covered": 100.0, "percent_statements_covered_display": "100", "num_branches": 0, "num_partial_branches": 0, "covered_branches": 0, "missing_branches": 0, "percent_branches_covered": 100.0, "percent_branches_covered_display": "100"}, "missing_lines": [], "excluded_lines": [], "start_line": 92, "executed_branches": [], "missing_branches": []}, "LanguageConfig": {"executed_lines": [], "summary": {"covered_lines": 0, "num_statements": 0, "percent_covered": 100.0, "percent_covered_display": "100", "missing_lines": 0, "excluded_lines": 0, "percent_statements_covered": 100.0, "percent_statements_covered_display": "100", "num_branches": 0, "num_partial_branches": 0, "covered_branches": 0, "missing_branches": 0, "percent_branches_covered": 100.0, "percent_branches_covered_display": "100"}, "missing_lines": [], "excluded_lines": [], "start_line": 103, "executed_branches": [], "missing_branches": []}, "": {"executed_lines": [3, 5, 6, 7, 8, 9, 11, 13, 14, 17, 20, 21, 22, 24, 27, 28, 29, 31, 34, 35, 36, 37, 38, 39, 40, 43, 44, 45, 46, 49, 50, 51, 53, 55, 56, 57, 58, 59, 60, 61, 62, 63, 66, 67, 68, 69, 70, 72, 73, 74, 75, 76, 79, 80, 81, 82, 83, 84, 85, 86, 87, 88, 91, 92, 93, 94, 95, 96, 97, 98, 99, 102, 103, 104, 105, 106, 109, 114, 115, 116, 117, 118, 119, 120, 121, 122, 123, 124, 125, 127, 128, 129, 130, 131, 132, 133, 134, 137, 138, 139, 140, 141, 144, 156, 159, 164, 165, 166, 167, 168, 169, 170, 171, 173, 174, 175, 177, 178, 179, 181, 182, 183, 187, 198, 201, 204, 205, 206, 207, 208, 210, 211, 212, 213, 214, 215, 216, 217, 218, 220, 221, 222, 223, 224, 225, 226, 227, 228, 229, 236, 239, 242, 243, 244, 245, 246, 247, 248, 249, 250], "summary": {"covered_lines": 160, "num_statements": 172, "percent_covered": 89.75409836065573, "percent_covered_display": "90", "missing_lines": 12, "excluded_lines": 0, "percent_statements_covered": 93.02325581395348, "percent_statements_covered_display": "93", "num_branches": 72, "num_partial_branches": 13, "covered_branches": 59, "missing_branches": 13, "percent_branches_covered": 81.94444444444444, "percent_branches_covered_display": "82"}, "missing_lines": [23, 30, 52, 54, 71, 126, 172, 176, 180, 184, 209, 235], "excluded_lines": [], "start_line": 1, "executed_branches": [[22, 24], [29, 31], [36, 37], [36, 38], [38, 39], [38, 40], [44, 45], [44, 46], [51, 53], [53, 55], [56, 57], [56, 61], [58, 59], [58, 60], [61, 62], [61, 63], [68, 69], [68, 70], [70, 72], [115, 116], [115, 117], [119, 120], [119, 156], [121, 122], [121, 123], [125, 127], [131, 132], [131, 133], [134, 137], [134, 138], [140, 141], [140, 144], [165, 166], [165, 167], [169, 170], [169, 198], [171, 173], [175, 177], [179, 181], [183, 187], [206, 207], [206, 208], [208, 210], [212, 213], [212, 228], [213, 214], [213, 216], [216, 217], [216, 220], [221, 222], [221, 223], [224, 225], [224, 226], [228, 229], [228, 236], [229, 228], [244, 245], [244, 249], [246, 247]], "missing_branches": [[22, 23], [29, 30], [51, 52], [53, 54], [70, 71], [125, 126], [171, 172], [175, 176], [179, 180], [183, 184], [208, 209], [229, 235], [246, 248]]}}}, "src/perplexity/__init__.py": {"executed_lines": [3, 4, 14], "summary": {"covered_lines": 3, "num_statements": 3, "percent_covered": 100.0, "percent_covered_display": "100", "missing_lines": 0, "excluded_lines": 0, "percent_statements_covered": 100.0, "percent_statements_covered_display": "100", "num_branches": 0, "num_partial_branches": 0, "covered_branches": 0, "missing_branches": 0, "percent_branches_covered": 100.0, "percent_branches_covered_display": "100"}, "missing_lines": [], "excluded_lines": [], "executed_branches": [], "missing_branches": [], "functions": {"": {"executed_lines": [3, 4, 14], "summary": {"covered_lines": 3, "num_statements": 3, "percent_covered": 100.0, "percent_covered_display": "100", "missing_lines": 0, "excluded_lines": 0, "percent_statements_covered": 100.0, "percent_statements_covered_display": "100", "num_branches": 0, "num_partial_branches": 0, "covered_branches": 0, "missing_branches": 0, "percent_branches_covered": 100.0, "percent_branches_covered_display": "100"}, "missing_lines": [], "excluded_lines": [], "start_line": 1, "executed_branches": [], "missing_branches": []}}, "classes": {"": {"executed_lines": [3, 4, 14], "summary": {"covered_lines": 3, "num_statements": 3, "percent_covered": 100.0, "percent_covered_display": "100", "missing_lines": 0, "excluded_lines": 0, "percent_statements_covered": 100.0, "percent_statements_covered_display": "100", "num_branches": 0, "num_partial_branches": 0, "covered_branches": 0, "missing_branches": 0, "percent_branches_covered": 100.0, "percent_branches_covered_display": "100"}, "missing_lines": [], "excluded_lines": [], "start_line": 1, "executed_branches": [], "missing_branches": []}}}, "src/perplexity/clients.py": {"executed_lines": [8, 10, 11, 12, 13, 14, 15, 16, 17, 18, 19, 21, 23, 26, 27, 33, 34, 35, 36, 37, 38, 40, 41, 51, 52, 58, 59, 60, 61, 62, 63, 65, 66, 76, 77, 80, 81, 82, 83, 84, 85, 86, 87, 88, 89, 90, 92, 93, 94, 95, 96, 97, 98, 99, 105, 106, 112, 113, 119, 120, 121, 124, 126, 127, 128, 129, 130, 131, 132, 133, 134, 135, 138, 141, 149, 150, 151, 152, 153, 154, 162, 163, 166, 167, 168, 169, 170, 172, 173, 185, 186, 189, 190, 191, 192, 193, 195, 196, 205, 208, 209, 210, 211, 214, 218, 223, 224, 225, 228, 231, 234, 235, 236, 237, 238, 239, 240, 241, 242, 244, 247, 250, 251, 252, 253, 254, 255, 257, 258, 260, 261, 262, 264, 265, 268, 269, 270, 271, 272, 273, 274, 275, 276, 277, 279, 280, 281, 282, 283, 286, 289, 290, 291, 292, 293, 296, 299, 300, 301, 302, 303, 306, 307, 308, 309, 310, 311, 314, 315, 316, 317, 318, 319, 322, 323, 324, 325, 326, 329, 332, 344, 345, 346, 347, 348, 355, 356, 357, 358, 359, 360, 361, 362, 363, 364, 365, 367, 368, 369, 374, 376, 378, 379, 380, 382, 389, 390, 392, 393, 394, 395, 401, 402, 405, 406, 408, 409, 420, 423, 433, 434, 435, 436, 437, 438, 439, 440, 442, 445, 456, 457, 467, 480, 481, 482, 483, 484, 490, 491, 493, 498, 500, 501, 507, 508, 511, 524, 525, 526, 527, 528, 534, 535, 537, 542, 544, 545, 551, 552], "summary": {"covered_lines": 259, "num_statements": 271, "percent_covered": 93.80281690140845, "percent_covered_display": "94", "missing_lines": 12, "excluded_lines": 0, "percent_statements_covered": 95.5719557195572, "percent_statements_covered_display": "96", "num_branches": 84, "num_partial_branches": 8, "covered_branches": 74, "missing_branches": 10, "percent_branches_covered": 88.0952380952381, "percent_branches_covered_display": "88"}, "missing_lines": [226, 227, 248, 249, 278, 327, 328, 375, 381, 391, 407, 412], "excluded_lines": [], "executed_branches": [[93, 94], [93, 95], [95, 96], [95, 97], [97, 98], [97, 99], [99, 105], [99, 106], [106, 112], [106, 113], [113, 119], [113, 120], [120, -92], [120, 121], [126, 127], [126, 128], [134, 135], [134, 138], [149, 150], [149, 151], [152, 153], [152, 154], [223, 224], [223, 225], [225, 228], [235, 236], [235, 237], [237, 238], [237, 239], [247, 250], [253, -244], [253, 254], [271, 272], [271, 273], [277, 279], [308, 309], [308, 310], [323, 324], [323, 325], [344, 345], [344, 346], [346, 347], [346, 348], [348, 355], [348, 356], [357, 358], [358, 359], [358, 360], [361, 362], [361, 367], [363, 364], [363, 365], [374, 376], [380, 382], [390, 392], [394, 395], [394, 401], [406, 408], [408, 357], [408, 409], [433, 434], [433, 435], [480, 481], [480, 498], [483, 484], [483, 490], [490, 491], [490, 493], [524, 525], [524, 542], [527, 528], [527, 534], [534, 535], [534, 537]], "missing_branches": [[225, 226], [247, 248], [248, 247], [248, 249], [277, 278], [357, 412], [374, 375], [380, 381], [390, 391], [406, 407]], "functions": {"PerplexityConfig.__post_init__": {"executed_lines": [41], "summary": {"covered_lines": 1, "num_statements": 1, "percent_covered": 100.0, "percent_covered_display": "100", "missing_lines": 0, "excluded_lines": 0, "percent_statements_covered": 100.0, "percent_statements_covered_display": "100", "num_branches": 0, "num_partial_branches": 0, "covered_branches": 0, "missing_branches": 0, "percent_branches_covered": 100.0, "percent_branches_covered_display": "100"}, "missing_lines": [], "excluded_lines": [], "start_line": 40, "executed_branches": [], "missing_branches": []}, "OpenRouterConfig.__post_init__": {"executed_lines": [66], "summary": {"covered_lines": 1, "num_statements": 1, "percent_covered": 100.0, "percent_covered_display": "100", "missing_lines": 0, "excluded_lines": 0, "percent_statements_covered": 100.0, "percent_statements_covered_display": "100", "num_branches": 0, "num_partial_branches": 0, "covered_branches": 0, "missing_branches": 0, "percent_branches_covered": 100.0, "percent_branches_covered_display": "100"}, "missing_lines": [], "excluded_lines": [], "start_line": 65, "executed_branches": [], "missing_branches": []}, "ChatPolicy.__post_init__": {"executed_lines": [93, 94, 95, 96, 97, 98, 99, 105, 106, 112, 113, 119, 120, 121], "summary": {"covered_lines": 14, "num_statements": 14, "percent_covered": 100.0, "percent_covered_display": "100", "missing_lines": 0, "excluded_lines": 0, "percent_statements_covered": 100.0, "percent_statements_covered_display": "100", "num_branches": 14, "num_partial_branches": 0, "covered_branches": 14, "missing_branches": 0, "percent_branches_covered": 100.0, "percent_branches_covered_display": "100"}, "missing_lines": [], "excluded_lines": [], "start_line": 92, "executed_branches": [[93, 94], [93, 95], [95, 96], [95, 97], [97, 98], [97, 99], [99, 105], [99, 106], [106, 112], [106, 113], [113, 119], [113, 120], [120, -92], [120, 121]], "missing_branches": []}, "validate_chat_response": {"executed_lines": [126, 127, 128, 129, 130, 131, 132, 133, 134, 135, 138], "summary": {"covered_lines": 11, "num_statements": 11, "percent_covered": 100.0, "percent_covered_display": "100", "missing_lines": 0, "excluded_lines": 0, "percent_statements_covered": 100.0, "percent_statements_covered_display": "100", "num_branches": 4, "num_partial_branches": 0, "covered_branches": 4, "missing_branches": 0, "percent_branches_covered": 100.0, "percent_branches_covered_display": "100"}, "missing_lines": [], "excluded_lines": [], "start_line": 124, "executed_branches": [[126, 127], [126, 128], [134, 135], [134, 138]], "missing_branches": []}, "_valida
[...]
"percent_branches_covered": 100.0, "percent_branches_covered_display": "100"}, "missing_lines": [], "excluded_lines": [], "start_line": 343, "executed_branches": [], "missing_branches": []}, "MenuBuilder.add_separator": {"executed_lines": [379, 384, 385], "summary": {"covered_lines": 3, "num_statements": 3, "percent_covered": 100.0, "percent_covered_display": "100", "missing_lines": 0, "excluded_lines": 0, "percent_statements_covered": 100.0, "percent_statements_covered_display": "100", "num_branches": 0, "num_partial_branches": 0, "covered_branches": 0, "missing_branches": 0, "percent_branches_covered": 100.0, "percent_branches_covered_display": "100"}, "missing_lines": [], "excluded_lines": [], "start_line": 370, "executed_branches": [], "missing_branches": []}, "MenuBuilder.set_theme": {"executed_lines": [396, 397], "summary": {"covered_lines": 2, "num_statements": 2, "percent_covered": 100.0, "percent_covered_display": "100", "missing_lines": 0, "excluded_lines": 0, "percent_statements_covered": 100.0, "percent_statements_covered_display": "100", "num_branches": 0, "num_partial_branches": 0, "covered_branches": 0, "missing_branches": 0, "percent_branches_covered": 100.0, "percent_branches_covered_display": "100"}, "missing_lines": [], "excluded_lines": [], "start_line": 387, "executed_branches": [], "missing_branches": []}, "MenuBuilder.build": {"executed_lines": [405], "summary": {"covered_lines": 1, "num_statements": 1, "percent_covered": 100.0, "percent_covered_display": "100", "missing_lines": 0, "excluded_lines": 0, "percent_statements_covered": 100.0, "percent_statements_covered_display": "100", "num_branches": 0, "num_partial_branches": 0, "covered_branches": 0, "missing_branches": 0, "percent_branches_covered": 100.0, "percent_branches_covered_display": "100"}, "missing_lines": [], "excluded_lines": [], "start_line": 399, "executed_branches": [], "missing_branches": []}, "confirmation_dialog": {"executed_lines": [423, 425, 427, 428, 429, 431, 432, 434, 435, 436, 439, 440, 441], "summary": {"covered_lines": 13, "num_statements": 14, "percent_covered": 90.0, "percent_covered_display": "90", "missing_lines": 1, "excluded_lines": 0, "percent_statements_covered": 92.85714285714286, "percent_statements_covered_display": "93", "num_branches": 6, "num_partial_branches": 1, "covered_branches": 5, "missing_branches": 1, "percent_branches_covered": 83.33333333333333, "percent_branches_covered_display": "83"}, "missing_lines": [437], "excluded_lines": [], "start_line": 413, "executed_branches": [[431, 432], [431, 434], [434, 435], [434, 436], [436, 439]], "missing_branches": [[436, 437]]}, "input_dialog": {"executed_lines": [461, 463, 464, 466, 467, 468, 470, 471, 473, 474, 475, 477, 478, 479], "summary": {"covered_lines": 14, "num_statements": 14, "percent_covered": 100.0, "percent_covered_display": "100", "missing_lines": 0, "excluded_lines": 0, "percent_statements_covered": 100.0, "percent_statements_covered_display": "100", "num_branches": 6, "num_partial_branches": 0, "covered_branches": 6, "missing_branches": 0, "percent_branches_covered": 100.0, "percent_branches_covered_display": "100"}, "missing_lines": [], "excluded_lines": [], "start_line": 444, "executed_branches": [[463, 464], [463, 466], [470, 471], [470, 473], [473, 474], [473, 477]], "missing_branches": []}, "": {"executed_lines": [7, 9, 10, 11, 13, 14, 17, 18, 21, 22, 23, 24, 25, 26, 29, 30, 33, 34, 35, 36, 37, 38, 41, 44, 69, 84, 94, 125, 142, 150, 189, 201, 249, 299, 302, 313, 343, 370, 387, 399, 413, 444], "summary": {"covered_lines": 42, "num_statements": 42, "percent_covered": 100.0, "percent_covered_display": "100", "missing_lines": 0, "excluded_lines": 0, "percent_statements_covered": 100.0, "percent_statements_covered_display": "100", "num_branches": 0, "num_partial_branches": 0, "covered_branches": 0, "missing_branches": 0, "percent_branches_covered": 100.0, "percent_branches_covered_display": "100"}, "missing_lines": [], "excluded_lines": [], "start_line": 1, "executed_branches": [], "missing_branches": []}}, "classes": {"MenuItem": {"executed_lines": [], "summary": {"covered_lines": 0, "num_statements": 0, "percent_covered": 100.0, "percent_covered_display": "100", "missing_lines": 0, "excluded_lines": 0, "percent_statements_covered": 100.0, "percent_statements_covered_display": "100", "num_branches": 0, "num_partial_branches": 0, "covered_branches": 0, "missing_branches": 0, "percent_branches_covered": 100.0, "percent_branches_covered_display": "100"}, "missing_lines": [], "excluded_lines": [], "start_line": 18, "executed_branches": [], "missing_branches": []}, "MenuTheme": {"executed_lines": [], "summary": {"covered_lines": 0, "num_statements": 0, "percent_covered": 100.0, "percent_covered_display": "100", "missing_lines": 0, "excluded_lines": 0, "percent_statements_covered": 100.0, "percent_statements_covered_display": "100", "num_branches": 0, "num_partial_branches": 0, "covered_branches": 0, "missing_branches": 0, "percent_branches_covered": 100.0, "percent_branches_covered_display": "100"}, "missing_lines": [], "excluded_lines": [], "start_line": 30, "executed_branches": [], "missing_branches": []}, "Menu": {"executed_lines": [59, 60, 61, 62, 63, 66, 67, 75, 76, 77, 78, 79, 80, 81, 82, 90, 91, 92, 100, 102, 104, 105, 106, 107, 108, 109, 111, 112, 115, 116, 119, 120, 121, 123, 131, 137, 138, 140, 148, 159, 160, 161, 162, 163, 164, 165, 166, 168, 169, 171, 173, 174, 175, 177, 178, 179, 180, 181, 182, 183, 187, 196, 197, 198, 199, 207, 208, 210, 212, 213, 214, 215, 217, 219, 220, 221, 222, 223, 224, 226, 227, 228, 229, 231, 232, 233, 234, 235, 236, 256, 257, 262, 263, 264, 266, 267, 285, 286, 287, 289, 294, 295, 296], "summary": {"covered_lines": 103, "num_statements": 125, "percent_covered": 81.35593220338983, "percent_covered_display": "81", "missing_lines": 22, "excluded_lines": 0, "percent_statements_covered": 82.4, "percent_statements_covered_display": "82", "num_branches": 52, "num_partial_branches": 5, "covered_branches": 41, "missing_branches": 11, "percent_branches_covered": 78.84615384615384, "percent_branches_covered_display": "79"}, "missing_lines": [185, 238, 241, 242, 244, 246, 247, 259, 260, 268, 269, 271, 272, 274, 275, 278, 279, 281, 283, 290, 292, 293], "excluded_lines": [], "start_line": 41, "executed_branches": [[66, -44], [66, 67], [75, 76], [75, 77], [78, 79], [80, 81], [80, 82], [102, 104], [102, 123], [104, 105], [104, 107], [107, 108], [107, 111], [119, 102], [119, 120], [159, 160], [159, 161], [161, 162], [161, 163], [163, 164], [163, 165], [165, 166], [165, 187], [168, 169], [168, 171], [171, 173], [171, 175], [175, 177], [213, 214], [213, 217], [214, 213], [214, 215], [219, 220], [219, 221], [221, 222], [221, 226], [228, 229], [231, 232], [231, 235], [233, 234], [235, 236]], "missing_branches": [[78, -69], [175, 185], [228, 241], [233, 207], [235, 238], [271, 272], [271, 274], [278, 279], [278, 281], [292, 286], [292, 293]]}, "MenuBuilder": {"executed_lines": [308, 309, 310, 311, 333, 340, 341, 361, 367, 368, 379, 384, 385, 396, 397, 405], "summary": {"covered_lines": 16, "num_statements": 16, "percent_covered": 100.0, "percent_covered_display": "100", "missing_lines": 0, "excluded_lines": 0, "percent_statements_covered": 100.0, "percent_statements_covered_display": "100", "num_branches": 0, "num_partial_branches": 0, "covered_branches": 0, "missing_branches": 0, "percent_branches_covered": 100.0, "percent_branches_covered_display": "100"}, "missing_lines": [], "excluded_lines": [], "start_line": 299, "executed_branches": [], "missing_branches": []}, "": {"executed_lines": [7, 9, 10, 11, 13, 14, 17, 18, 21, 22, 23, 24, 25, 26, 29, 30, 33, 34, 35, 36, 37, 38, 41, 44, 69, 84, 94, 125, 142, 150, 189, 201, 249, 299, 302, 313, 343, 370, 387, 399, 413, 423, 425, 427, 428, 429, 431, 432, 434, 435, 436, 439, 440, 441, 444, 461, 463, 464, 466, 467, 468, 470, 471, 473, 474, 475, 477, 478, 479], "summary": {"covered_lines": 69, "num_statements": 70, "percent_covered": 97.5609756097561, "percent_covered_display": "98", "missing_lines": 1, "excluded_lines": 0, "percent_statements_covered": 98.57142857142857, "percent_statements_covered_display": "99", "num_branches": 12, "num_partial_branches": 1, "covered_branches": 11, "missing_branches": 1, "percent_branches_covered": 91.66666666666667, "percent_branches_covered_display": "92"}, "missing_lines": [437], "excluded_lines": [], "start_line": 1, "executed_branches": [[431, 432], [431, 434], [434, 435], [434, 436], [436, 439], [463, 464], [463, 466], [470, 471], [470, 473], [473, 474], [473, 477]], "missing_branches": [[436, 437]]}}}, "src/visualization/__init__.py": {"executed_lines": [], "summary": {"covered_lines": 0, "num_statements": 0, "percent_covered": 100.0, "percent_covered_display": "100", "missing_lines": 0, "excluded_lines": 0, "percent_statements_covered": 100.0, "percent_statements_covered_display": "100", "num_branches": 0, "num_partial_branches": 0, "covered_branches": 0, "missing_branches": 0, "percent_branches_covered": 100.0, "percent_branches_covered_display": "100"}, "missing_lines": [], "excluded_lines": [], "executed_branches": [], "missing_branches": [], "functions": {"": {"executed_lines": [], "summary": {"covered_lines": 0, "num_statements": 0, "percent_covered": 100.0, "percent_covered_display": "100", "missing_lines": 0, "excluded_lines": 0, "percent_statements_covered": 100.0, "percent_statements_covered_display": "100", "num_branches": 0, "num_partial_branches": 0, "covered_branches": 0, "missing_branches": 0, "percent_branches_covered": 100.0, "percent_branches_covered_display": "100"}, "missing_lines": [], "excluded_lines": [], "start_line": 1, "executed_branches": [], "missing_branches": []}}, "classes": {"": {"executed_lines": [], "summary": {"covered_lines": 0, "num_statements": 0, "percent_covered": 100.0, "percent_covered_display": "100", "missing_lines": 0, "excluded_lines": 0, "percent_statements_covered": 100.0, "percent_statements_covered_display": "100", "num_branches": 0, "num_partial_branches": 0, "covered_branches": 0, "missing_branches": 0, "percent_branches_covered": 100.0, "percent_branches_covered_display": "100"}, "missing_lines": [], "excluded_lines": [], "start_line": 1, "executed_branches": [], "missing_branches": []}}}, "src/visualization/runner.py": {"executed_lines": [1, 3, 4, 5, 7, 8, 10, 11, 12, 15, 16, 17, 18, 19, 20, 21, 22, 25, 31, 32, 33, 34, 35, 37, 38, 40, 41, 42, 43, 44, 57, 58, 59, 60, 61, 72, 75, 76, 80, 81, 82, 83, 84, 86, 87, 88, 89, 92, 95, 99, 100, 101, 102, 103, 104, 107, 110, 111, 112, 115, 118, 120, 121, 122, 123, 124, 125, 126, 127, 128, 129, 130, 133, 142, 143, 144, 151, 152, 153, 161, 177, 178, 180, 181, 182, 183, 184, 185, 186, 187, 188, 189, 190, 191, 192, 193, 194, 197, 198, 199, 200, 201, 204, 210, 211, 214, 215, 216, 217, 228, 229, 230, 231, 232, 233, 234, 235, 236, 237, 238, 245, 246, 247, 248, 249], "summary": {"covered_lines": 125, "num_statements": 131, "percent_covered": 94.0119760479042, "percent_covered_display": "94", "missing_lines": 6, "excluded_lines": 0, "percent_statements_covered": 95.41984732824427, "percent_statements_covered_display": "95", "num_branches": 36, "num_partial_branches": 4, "covered_branches": 32, "missing_branches": 4, "percent_branches_covered": 88.88888888888889, "percent_branches_covered_display": "89"}, "missing_lines": [36, 85, 119, 179, 195, 196], "excluded_lines": [], "executed_branches": [[17, 18], [17, 19], [20, 21], [20, 22], [31, 32], [31, 33], [33, 34], [33, 35], [35, 37], [40, 41], [40, 57], [81, 82], [81, 88], [84, 86], [99, 100], [99, 104], [110, 111], [110, 112], [118, 120], [143, 144], [143, 151], [152, 153], [152, 161], [178, 180], [183, 184], [183, 185], [188, 189], [188, 197], [211, 214], [211, 228], [230, 231], [230, 234]], "missing_branches": [[35, 36], [84, 85], [118, 119], [178, 179]], "functions": {"collect_curriculum_files": {"executed_lines": [16, 17, 18, 19, 20, 21, 22], "summary": {"covered_lines": 7, "num_statements": 7, "percent_covered": 100.0, "percent_covered_display": "100", "missing_lines": 0, "excluded_lines": 0, "percent_statements_covered": 100.0, "percent_statements_covered_display": "100", "num_branches": 4, "num_partial_branches": 0, "covered_branches": 4, "missing_branches": 0, "percent_branches_covered": 100.0, "percent_branches_covered_display": "100"}, "missing_lines": [], "excluded_lines": [], "start_line": 15, "executed_branches": [[17, 18], [17, 19], [20, 21], [20, 22]], "missing_branches": []}, "generate_curriculum_metrics": {"executed_lines": [31, 32, 33, 34, 35, 37, 38, 40, 41, 42, 43, 44, 57, 58, 59, 60, 61], "summary": {"covered_lines": 17, "num_statements": 18, "percent_covered": 92.3076923076923, "percent_covered_display": "92", "missing_lines": 1, "excluded_lines": 0, "percent_statements_covered": 94.44444444444444, "percent_statements_covered_display": "94", "num_branches": 8, "num_partial_branches": 1, "covered_branches": 7, "missing_branches": 1, "percent_branches_covered": 87.5, "percent_branches_covered_display": "88"}, "missing_lines": [36], "excluded_lines": [], "start_line": 25, "executed_branches": [[31, 32], [31, 33], [33, 34], [33, 35], [35, 37], [40, 41], [40, 57]], "missing_branches": [[35, 36]]}, "_flow_diagram": {"executed_lines": [75, 76, 80, 81, 82, 83, 84, 86, 87, 88, 89], "summary": {"covered_lines": 11, "num_statements": 12, "percent_covered": 87.5, "percent_covered_display": "88", "missing_lines": 1, "excluded_lines": 0, "percent_statements_covered": 91.66666666666667, "percent_statements_covered_display": "92", "num_branches": 4, "num_partial_branches": 1, "covered_branches": 3, "missing_branches": 1, "percent_branches_covered": 75.0, "percent_branches_covered_display": "75"}, "missing_lines": [85], "excluded_lines": [], "start_line": 72, "executed_branches": [[81, 82], [81, 88], [84, 86]], "missing_branches": [[84, 85]]}, "_structure_diagram": {"executed_lines": [95, 99, 100, 101, 102, 103, 104], "summary": {"covered_lines": 7, "num_statements": 7, "percent_covered": 100.0, "percent_covered_display": "100", "missing_lines": 0, "excluded_lines": 0, "percent_statements_covered": 100.0, "percent_statements_covered_display": "100", "num_branches": 2, "num_partial_branches": 0, "covered_branches": 2, "missing_branches": 0, "percent_branches_covered": 100.0, "percent_branches_covered_display": "100"}, "missing_lines": [], "excluded_lines": [], "start_line": 92, "executed_branches": [[99, 100], [99, 104]], "missing_branches": []}, "_item_identifier": {"executed_lines": [110, 111, 112], "summary": {"covered_lines": 3, "num_statements": 3, "percent_covered": 100.0, "percent_covered_display": "100", "missing_lines": 0, "excluded_lines": 0, "percent_statements_covered": 100.0, "percent_statements_covered_display": "100", "num_branches": 2, "num_partial_branches": 0, "covered_branches": 2, "missing_branches": 0, "percent_branches_covered": 100.0, "percent_branches_covered_display": "100"}, "missing_lines": [], "excluded_lines": [], "start_line": 107, "executed_branches": [[110, 111], [110, 112]], "missing_branches": []}, "_metrics_chart": {"executed_lines": [118, 120, 121, 122, 123, 124, 125, 126, 127, 128, 129, 130], "summary": {"covered_lines": 12, "num_statements": 13, "percent_covered": 86.66666666666667, "percent_covered_display": "87", "missing_lines": 1, "excluded_lines": 0, "percent_statements_covered": 92.3076923076923, "percent_statements_covered_display": "92", "num_branches": 2, "num_partial_branches": 1, "covered_branches": 1, "missing_branches": 1, "percent_branches_covered": 50.0, "percent_branches_covered_display": "50"}, "missing_lines": [119], "excluded_lines": [], "start_line": 115, "executed_branches": [[118, 120]], "missing_branches": [[118, 119]]}, "_manifest": {"executed_lines": [142, 143, 144, 151, 152, 153, 161], "summary": {"covered_lines": 7, "num_statements": 7, "percent_covered": 100.0, "percent_covered_display": "100", "missing_lines": 0, "excluded_lines": 0, "percent_statements_covered": 100.0, "percent_statements_covered_display": "100", "num_branches": 4, "num_partial_branches": 0, "covered_branches": 4, "missing_branches": 0, "percent_branches_covered": 100.0, "percent_branches_covered_display": "100"}, "missing_lines": [], "excluded_lines": [], "start_line": 133, "executed_branches": [[143, 144], [143, 151], [152, 153], [152, 161]], "missing_branches": []}, "run": {"executed_lines": [178, 180, 181, 182, 183, 184, 185, 186, 187, 188, 189, 190, 191, 192, 193, 194, 197, 198, 199, 200, 201, 204, 210, 211, 214, 215, 216, 217, 228, 229, 230, 231, 232, 233, 234, 235, 236, 237, 238, 245, 246, 247, 248, 249], "summary": {"covered_lines": 44, "num_statements": 47, "percent_covered": 92.98245614035088, "percent_covered_display": "93", "missing_lines": 3, "excluded_lines": 0, "percent_statements_covered": 93.61702127659575, "percent_statements_covered_display": "94", "num_branches": 10, "num_partial_branches": 1, "covered_branches": 9, "missing_branches": 1, "percent_branches_covered": 90.0, "percent_branches_covered_display": "90"}, "missing_lines": [179, 195, 196], "excluded_lines": [], "start_line": 177, "executed_branches": [[178, 180], [183, 184], [183, 185], [188, 189], [188, 197], [211, 214], [211, 228], [230, 231], [230, 234]], "missing_branches": [[178, 179]]}, "": {"executed_lines": [1, 3, 4, 5, 7, 8, 10, 11, 12, 15, 25, 72, 92, 107, 115, 133, 177], "summary": {"covered_lines": 17, "num_statements": 17, "percent_covered": 100.0, "percent_covered_display": "100", "missing_lines": 0, "excluded_lines": 0, "percent_statements_covered": 100.0, "percent_statements_covered_display": "100", "num_branches": 0, "num_partial_branches": 0, "covered_branches": 0, "missing_branches": 0, "percent_branches_covered": 100.0, "percent_branches_covered_display": "100"}, "missing_lines": [], "excluded_lines": [], "start_line": 1, "executed_branches": [], "missing_branches": []}}, "classes": {"": {"executed_lines": [1, 3, 4, 5, 7, 8, 10, 11, 12, 15, 16, 17, 18, 19, 20, 21, 22, 25, 31, 32, 33, 34, 35, 37, 38, 40, 41, 42, 43, 44, 57, 58, 59, 60, 61, 72, 75, 76, 80, 81, 82, 83, 84, 86, 87, 88, 89, 92, 95, 99, 100, 101, 102, 103, 104, 107, 110, 111, 112, 115, 118, 120, 121, 122, 123, 124, 125, 126, 127, 128, 129, 130, 133, 142, 143, 144, 151, 152, 153, 161, 177, 178, 180, 181, 182, 183, 184, 185, 186, 187, 188, 189, 190, 191, 192, 193, 194, 197, 198, 199, 200, 201, 204, 210, 211, 214, 215, 216, 217, 228, 229, 230, 231, 232, 233, 234, 235, 236, 237, 238, 245, 246, 247, 248, 249], "summary": {"covered_lines": 125, "num_statements": 131, "percent_covered": 94.0119760479042, "percent_covered_display": "94", "missing_lines": 6, "excluded_lines": 0, "percent_statements_covered": 95.41984732824427, "percent_statements_covered_display": "95", "num_branches": 36, "num_partial_branches": 4, "covered_branches": 32, "missing_branches": 4, "percent_branches_covered": 88.88888888888889, "percent_branches_covered_display": "89"}, "missing_lines": [36, 85, 119, 179, 195, 196], "excluded_lines": [], "start_line": 1, "executed_branches": [[17, 18], [17, 19], [20, 21], [20, 22], [31, 32], [31, 33], [33, 34], [33, 35], [35, 37], [40, 41], [40, 57], [81, 82], [81, 88], [84, 86], [99, 100], [99, 104], [110, 111], [110, 112], [118, 120], [143, 144], [143, 151], [152, 153], [152, 161], [178, 180], [183, 184], [183, 185], [188, 189], [188, 197], [211, 214], [211, 228], [230, 231], [230, 234]], "missing_branches": [[35, 36], [84, 85], [118, 119], [178, 179]]}}}}, "totals": {"covered_lines": 3832, "num_statements": 4153, "percent_covered": 90.05574536953786, "percent_covered_display": "90", "missing_lines": 321, "excluded_lines": 0, "percent_statements_covered": 92.27064772453647, "percent_statements_covered_display": "92", "num_branches": 1408, "num_partial_branches": 196, "covered_branches": 1176, "missing_branches": 232, "percent_branches_covered": 83.52272727272727, "percent_branches_covered_display": "84"}}